{"/home/travis/build/npmtest/node-npmtest-vue-loader/test.js":{"path":"/home/travis/build/npmtest/node-npmtest-vue-loader/test.js","s":{"1":2,"2":2,"3":2,"4":2,"5":2,"6":2,"7":2,"8":1,"9":2,"10":2,"11":1,"12":1,"13":1,"14":1,"15":2,"16":2,"17":2,"18":2,"19":1,"20":1,"21":2,"22":2,"23":2,"24":1,"25":1,"26":1,"27":1,"28":1,"29":1,"30":1,"31":1,"32":1,"33":1,"34":1,"35":1,"36":1,"37":1,"38":1,"39":2,"40":2,"41":1,"42":2,"43":2,"44":1,"45":2,"46":2,"47":1,"48":2,"49":2,"50":1,"51":1,"52":1,"53":1,"54":1},"b":{"1":[2,1,1,1],"2":[1,1,1,1],"3":[1,1],"4":[1,1],"5":[1,1],"6":[1,1],"7":[1,1],"8":[1,1],"9":[1,1],"10":[1,1,1],"11":[1,1],"12":[1,1],"13":[1,1],"14":[1,1],"15":[1,1],"16":[1,1],"17":[1,1]},"f":{"1":2,"2":2,"3":2,"4":2,"5":2,"6":1,"7":1,"8":1,"9":2,"10":2,"11":2,"12":2,"13":1},"fnMap":{"1":{"name":"(anonymous_1)","line":12,"loc":{"start":{"line":12,"column":1},"end":{"line":12,"column":13}}},"2":{"name":"(anonymous_2)","line":19,"loc":{"start":{"line":19,"column":5},"end":{"line":19,"column":17}}},"3":{"name":"(anonymous_3)","line":23,"loc":{"start":{"line":23,"column":24},"end":{"line":23,"column":36}}},"4":{"name":"(anonymous_4)","line":61,"loc":{"start":{"line":61,"column":5},"end":{"line":61,"column":17}}},"5":{"name":"(anonymous_5)","line":82,"loc":{"start":{"line":82,"column":5},"end":{"line":82,"column":17}}},"6":{"name":"(anonymous_6)","line":91,"loc":{"start":{"line":91,"column":77},"end":{"line":94,"column":10}}},"7":{"name":"(anonymous_7)","line":112,"loc":{"start":{"line":112,"column":83},"end":{"line":115,"column":10}},"skip":true},"8":{"name":"(anonymous_8)","line":123,"loc":{"start":{"line":123,"column":77},"end":{"line":126,"column":10}},"skip":true},"9":{"name":"(anonymous_9)","line":139,"loc":{"start":{"line":139,"column":12},"end":{"line":139,"column":40}},"skip":true},"10":{"name":"(anonymous_10)","line":147,"loc":{"start":{"line":147,"column":77},"end":{"line":150,"column":10}},"skip":true},"11":{"name":"(anonymous_11)","line":158,"loc":{"start":{"line":158,"column":83},"end":{"line":161,"column":10}},"skip":true},"12":{"name":"(anonymous_12)","line":169,"loc":{"start":{"line":169,"column":79},"end":{"line":172,"column":10}},"skip":true},"13":{"name":"(anonymous_13)","line":180,"loc":{"start":{"line":180,"column":75},"end":{"line":183,"column":10}},"skip":true}},"statementMap":{"1":{"start":{"line":12,"column":0},"end":{"line":195,"column":5}},"2":{"start":{"line":14,"column":4},"end":{"line":14,"column":14}},"3":{"start":{"line":19,"column":4},"end":{"line":56,"column":9}},"4":{"start":{"line":21,"column":8},"end":{"line":21,"column":19}},"5":{"start":{"line":23,"column":8},"end":{"line":35,"column":13}},"6":{"start":{"line":24,"column":12},"end":{"line":34,"column":13}},"7":{"start":{"line":25,"column":16},"end":{"line":28,"column":30}},"8":{"start":{"line":30,"column":16},"end":{"line":33,"column":27}},"9":{"start":{"line":37,"column":8},"end":{"line":39,"column":21}},"10":{"start":{"line":40,"column":8},"end":{"line":53,"column":9}},"11":{"start":{"line":43,"column":12},"end":{"line":46,"column":14}},"12":{"start":{"line":47,"column":12},"end":{"line":47,"column":18}},"13":{"start":{"line":50,"column":12},"end":{"line":51,"column":46}},"14":{"start":{"line":52,"column":12},"end":{"line":52,"column":18}},"15":{"start":{"line":55,"column":8},"end":{"line":55,"column":35}},"16":{"start":{"line":61,"column":4},"end":{"line":63,"column":9}},"17":{"start":{"line":62,"column":8},"end":{"line":62,"column":15}},"18":{"start":{"line":64,"column":4},"end":{"line":77,"column":5}},"19":{"start":{"line":70,"column":8},"end":{"line":70,"column":14}},"20":{"start":{"line":76,"column":8},"end":{"line":76,"column":14}},"21":{"start":{"line":82,"column":4},"end":{"line":84,"column":9}},"22":{"start":{"line":83,"column":8},"end":{"line":83,"column":15}},"23":{"start":{"line":85,"column":4},"end":{"line":194,"column":5}},"24":{"start":{"line":91,"column":8},"end":{"line":99,"column":10}},"25":{"start":{"line":98,"column":12},"end":{"line":98,"column":35}},"26":{"start":{"line":102,"column":8},"end":{"line":104,"column":63}},"27":{"start":{"line":105,"column":8},"end":{"line":105,"column":14}},"28":{"start":{"line":112,"column":8},"end":{"line":121,"column":10},"skip":true},"29":{"start":{"line":119,"column":12},"end":{"line":119,"column":55},"skip":true},"30":{"start":{"line":120,"column":12},"end":{"line":120,"column":48},"skip":true},"31":{"start":{"line":123,"column":8},"end":{"line":136,"column":10},"skip":true},"32":{"start":{"line":130,"column":12},"end":{"line":130,"column":76},"skip":true},"33":{"start":{"line":131,"column":12},"end":{"line":131,"column":73},"skip":true},"34":{"start":{"line":132,"column":12},"end":{"line":132,"column":74},"skip":true},"35":{"start":{"line":133,"column":12},"end":{"line":133,"column":79},"skip":true},"36":{"start":{"line":134,"column":12},"end":{"line":134,"column":25},"skip":true},"37":{"start":{"line":135,"column":12},"end":{"line":135,"column":45},"skip":true},"38":{"start":{"line":138,"column":8},"end":{"line":145,"column":14},"skip":true},"39":{"start":{"line":143,"column":16},"end":{"line":143,"column":29},"skip":true},"40":{"start":{"line":144,"column":16},"end":{"line":144,"column":55},"skip":true},"41":{"start":{"line":147,"column":8},"end":{"line":156,"column":10},"skip":true},"42":{"start":{"line":154,"column":12},"end":{"line":154,"column":25},"skip":true},"43":{"start":{"line":155,"column":12},"end":{"line":155,"column":45},"skip":true},"44":{"start":{"line":158,"column":8},"end":{"line":167,"column":10},"skip":true},"45":{"start":{"line":165,"column":12},"end":{"line":165,"column":25},"skip":true},"46":{"start":{"line":166,"column":12},"end":{"line":166,"column":48},"skip":true},"47":{"start":{"line":169,"column":8},"end":{"line":178,"column":10},"skip":true},"48":{"start":{"line":176,"column":12},"end":{"line":176,"column":25},"skip":true},"49":{"start":{"line":177,"column":12},"end":{"line":177,"column":46},"skip":true},"50":{"start":{"line":180,"column":8},"end":{"line":189,"column":10},"skip":true},"51":{"start":{"line":187,"column":12},"end":{"line":187,"column":94},"skip":true},"52":{"start":{"line":188,"column":12},"end":{"line":188,"column":48},"skip":true},"53":{"start":{"line":192,"column":8},"end":{"line":192,"column":35},"skip":true},"54":{"start":{"line":193,"column":8},"end":{"line":193,"column":14},"skip":true}},"branchMap":{"1":{"line":25,"type":"binary-expr","locations":[{"start":{"line":25,"column":23},"end":{"line":25,"column":62}},{"start":{"line":26,"column":20},"end":{"line":26,"column":70}},{"start":{"line":27,"column":20},"end":{"line":27,"column":71}},{"start":{"line":28,"column":20},"end":{"line":28,"column":29}}]},"2":{"line":30,"type":"binary-expr","locations":[{"start":{"line":30,"column":23},"end":{"line":30,"column":37}},{"start":{"line":31,"column":20},"end":{"line":31,"column":61}},{"start":{"line":32,"column":20},"end":{"line":32,"column":70}},{"start":{"line":33,"column":20},"end":{"line":33,"column":26}}]},"3":{"line":37,"type":"cond-expr","locations":[{"start":{"line":38,"column":14},"end":{"line":38,"column":20}},{"start":{"line":39,"column":14},"end":{"line":39,"column":20}}]},"4":{"line":40,"type":"switch","locations":[{"start":{"line":42,"column":8},"end":{"line":47,"column":18}},{"start":{"line":49,"column":8},"end":{"line":52,"column":18}}]},"5":{"line":44,"type":"binary-expr","locations":[{"start":{"line":44,"column":16},"end":{"line":44,"column":44}},{"start":{"line":44,"column":48},"end":{"line":44,"column":66}}]},"6":{"line":50,"type":"binary-expr","locations":[{"start":{"line":50,"column":21},"end":{"line":50,"column":49}},{"start":{"line":50,"column":53},"end":{"line":50,"column":72}}]},"7":{"line":64,"type":"switch","locations":[{"start":{"line":69,"column":4},"end":{"line":70,"column":14}},{"start":{"line":75,"column":4},"end":{"line":76,"column":14}}]},"8":{"line":85,"type":"switch","locations":[{"start":{"line":90,"column":4},"end":{"line":105,"column":14}},{"start":{"line":111,"column":4},"end":{"line":193,"column":14},"skip":true}]},"9":{"line":91,"type":"binary-expr","locations":[{"start":{"line":91,"column":42},"end":{"line":91,"column":73}},{"start":{"line":91,"column":77},"end":{"line":99,"column":9}}]},"10":{"line":102,"type":"binary-expr","locations":[{"start":{"line":102,"column":18},"end":{"line":102,"column":32}},{"start":{"line":103,"column":12},"end":{"line":103,"column":53}},{"start":{"line":104,"column":12},"end":{"line":104,"column":61}}]},"11":{"line":112,"type":"binary-expr","locations":[{"start":{"line":112,"column":45},"end":{"line":112,"column":79},"skip":true},{"start":{"line":112,"column":83},"end":{"line":121,"column":9},"skip":true}]},"12":{"line":123,"type":"binary-expr","locations":[{"start":{"line":123,"column":42},"end":{"line":123,"column":73},"skip":true},{"start":{"line":123,"column":77},"end":{"line":136,"column":9},"skip":true}]},"13":{"line":138,"type":"binary-expr","locations":[{"start":{"line":138,"column":48},"end":{"line":138,"column":85},"skip":true},{"start":{"line":139,"column":12},"end":{"line":145,"column":13},"skip":true}]},"14":{"line":147,"type":"binary-expr","locations":[{"start":{"line":147,"column":42},"end":{"line":147,"column":73},"skip":true},{"start":{"line":147,"column":77},"end":{"line":156,"column":9},"skip":true}]},"15":{"line":158,"type":"binary-expr","locations":[{"start":{"line":158,"column":45},"end":{"line":158,"column":79},"skip":true},{"start":{"line":158,"column":83},"end":{"line":167,"column":9},"skip":true}]},"16":{"line":169,"type":"binary-expr","locations":[{"start":{"line":169,"column":43},"end":{"line":169,"column":75},"skip":true},{"start":{"line":169,"column":79},"end":{"line":178,"column":9},"skip":true}]},"17":{"line":180,"type":"binary-expr","locations":[{"start":{"line":180,"column":41},"end":{"line":180,"column":71},"skip":true},{"start":{"line":180,"column":75},"end":{"line":189,"column":9},"skip":true}]}},"code":["/* istanbul instrument in package npmtest_vue_loader */","/*jslint","    bitwise: true,","    browser: true,","    maxerr: 8,","    maxlen: 96,","    node: true,","    nomen: true,","    regexp: true,","    stupid: true","*/","(function () {","    'use strict';","    var local;","","","","    // run shared js-env code - pre-init","    (function () {","        // init local","        local = {};","        // init modeJs","        local.modeJs = (function () {","            try {","                return typeof navigator.userAgent === 'string' &&","                    typeof document.querySelector('body') === 'object' &&","                    typeof XMLHttpRequest.prototype.open === 'function' &&","                    'browser';","            } catch (errorCaughtBrowser) {","                return module.exports &&","                    typeof process.versions.node === 'string' &&","                    typeof require('http').createServer === 'function' &&","                    'node';","            }","        }());","        // init global","        local.global = local.modeJs === 'browser'","            ? window","            : global;","        switch (local.modeJs) {","        // re-init local from window.local","        case 'browser':","            local = local.global.utility2.objectSetDefault(","                local.global.utility2_rollup || local.global.local,","                local.global.utility2","            );","            break;","        // re-init local from example.js","        case 'node':","            local = (local.global.utility2_rollup || require('utility2'))","                .requireExampleJsFromReadme();","            break;","        }","        // export local","        local.global.local = local;","    }());","","","","    // run shared js-env code - function","    (function () {","        return;","    }());","    switch (local.modeJs) {","","","","    // run browser js-env code - function","    case 'browser':","        break;","","","","    // run node js-env code - function","    case 'node':","        break;","    }","","","","    // run shared js-env code - post-init","    (function () {","        return;","    }());","    switch (local.modeJs) {","","","","    // run browser js-env code - post-init","    case 'browser':","        local.testCase_browser_nullCase = local.testCase_browser_nullCase || function (","            options,","            onError","        ) {","        /*","         * this function will test browsers's null-case handling-behavior-behavior","         */","            onError(null, options);","        };","","        // run tests","        local.nop(local.modeTest &&","            document.querySelector('#testRunButton1') &&","            document.querySelector('#testRunButton1').click());","        break;","","","","    // run node js-env code - post-init","    /* istanbul ignore next */","    case 'node':","        local.testCase_buildApidoc_default = local.testCase_buildApidoc_default || function (","            options,","            onError","        ) {","        /*","         * this function will test buildApidoc's default handling-behavior-behavior","         */","            options = { modulePathList: module.paths };","            local.buildApidoc(options, onError);","        };","","        local.testCase_buildApp_default = local.testCase_buildApp_default || function (","            options,","            onError","        ) {","        /*","         * this function will test buildApp's default handling-behavior-behavior","         */","            local.testCase_buildReadme_default(options, local.onErrorThrow);","            local.testCase_buildLib_default(options, local.onErrorThrow);","            local.testCase_buildTest_default(options, local.onErrorThrow);","            local.testCase_buildCustomOrg_default(options, local.onErrorThrow);","            options = [];","            local.buildApp(options, onError);","        };","","        local.testCase_buildCustomOrg_default = local.testCase_buildCustomOrg_default ||","            function (options, onError) {","            /*","             * this function will test buildCustomOrg's default handling-behavior","             */","                options = {};","                local.buildCustomOrg(options, onError);","            };","","        local.testCase_buildLib_default = local.testCase_buildLib_default || function (","            options,","            onError","        ) {","        /*","         * this function will test buildLib's default handling-behavior","         */","            options = {};","            local.buildLib(options, onError);","        };","","        local.testCase_buildReadme_default = local.testCase_buildReadme_default || function (","            options,","            onError","        ) {","        /*","         * this function will test buildReadme's default handling-behavior-behavior","         */","            options = {};","            local.buildReadme(options, onError);","        };","","        local.testCase_buildTest_default = local.testCase_buildTest_default || function (","            options,","            onError","        ) {","        /*","         * this function will test buildTest's default handling-behavior","         */","            options = {};","            local.buildTest(options, onError);","        };","","        local.testCase_webpage_default = local.testCase_webpage_default || function (","            options,","            onError","        ) {","        /*","         * this function will test webpage's default handling-behavior","         */","            options = { modeCoverageMerge: true, url: local.serverLocalHost + '?modeTest=1' };","            local.browserTest(options, onError);","        };","","        // run test-server","        local.testRunServer(local);","        break;","    }","}());",""],"l":{"12":2,"14":2,"19":2,"21":2,"23":2,"24":2,"25":2,"30":1,"37":2,"40":2,"43":1,"47":1,"50":1,"52":1,"55":2,"61":2,"62":2,"64":2,"70":1,"76":1,"82":2,"83":2,"85":2,"91":1,"98":1,"102":1,"105":1,"112":1,"119":1,"120":1,"123":1,"130":1,"131":1,"132":1,"133":1,"134":1,"135":1,"138":1,"143":2,"144":2,"147":1,"154":2,"155":2,"158":1,"165":2,"166":2,"169":1,"176":2,"177":2,"180":1,"187":1,"188":1,"192":1,"193":1}},"/home/travis/build/npmtest/node-npmtest-vue-loader/lib.npmtest_vue_loader.js":{"path":"/home/travis/build/npmtest/node-npmtest-vue-loader/lib.npmtest_vue_loader.js","s":{"1":2,"2":2,"3":2,"4":2,"5":2,"6":2,"7":2,"8":1,"9":2,"10":2,"11":2,"12":2,"13":1,"14":1,"15":1,"16":1},"b":{"1":[2,1,1,1],"2":[1,1,1,1],"3":[1,1],"4":[2,2],"5":[1,1]},"f":{"1":2,"2":2,"3":2},"fnMap":{"1":{"name":"(anonymous_1)","line":12,"loc":{"start":{"line":12,"column":1},"end":{"line":12,"column":13}}},"2":{"name":"(anonymous_2)","line":19,"loc":{"start":{"line":19,"column":5},"end":{"line":19,"column":17}}},"3":{"name":"(anonymous_3)","line":23,"loc":{"start":{"line":23,"column":24},"end":{"line":23,"column":36}}}},"statementMap":{"1":{"start":{"line":12,"column":0},"end":{"line":53,"column":5}},"2":{"start":{"line":14,"column":4},"end":{"line":14,"column":14}},"3":{"start":{"line":19,"column":4},"end":{"line":52,"column":9}},"4":{"start":{"line":21,"column":8},"end":{"line":21,"column":19}},"5":{"start":{"line":23,"column":8},"end":{"line":35,"column":13}},"6":{"start":{"line":24,"column":12},"end":{"line":34,"column":13}},"7":{"start":{"line":25,"column":16},"end":{"line":28,"column":30}},"8":{"start":{"line":30,"column":16},"end":{"line":33,"column":27}},"9":{"start":{"line":37,"column":8},"end":{"line":39,"column":21}},"10":{"start":{"line":41,"column":8},"end":{"line":41,"column":54}},"11":{"start":{"line":43,"column":8},"end":{"line":43,"column":55}},"12":{"start":{"line":45,"column":8},"end":{"line":51,"column":9}},"13":{"start":{"line":46,"column":12},"end":{"line":46,"column":61}},"14":{"start":{"line":48,"column":12},"end":{"line":48,"column":35}},"15":{"start":{"line":49,"column":12},"end":{"line":49,"column":49}},"16":{"start":{"line":50,"column":12},"end":{"line":50,"column":43}}},"branchMap":{"1":{"line":25,"type":"binary-expr","locations":[{"start":{"line":25,"column":23},"end":{"line":25,"column":62}},{"start":{"line":26,"column":20},"end":{"line":26,"column":70}},{"start":{"line":27,"column":20},"end":{"line":27,"column":71}},{"start":{"line":28,"column":20},"end":{"line":28,"column":29}}]},"2":{"line":30,"type":"binary-expr","locations":[{"start":{"line":30,"column":23},"end":{"line":30,"column":37}},{"start":{"line":31,"column":20},"end":{"line":31,"column":61}},{"start":{"line":32,"column":20},"end":{"line":32,"column":70}},{"start":{"line":33,"column":20},"end":{"line":33,"column":26}}]},"3":{"line":37,"type":"cond-expr","locations":[{"start":{"line":38,"column":14},"end":{"line":38,"column":20}},{"start":{"line":39,"column":14},"end":{"line":39,"column":20}}]},"4":{"line":41,"type":"binary-expr","locations":[{"start":{"line":41,"column":16},"end":{"line":41,"column":44}},{"start":{"line":41,"column":48},"end":{"line":41,"column":53}}]},"5":{"line":45,"type":"if","locations":[{"start":{"line":45,"column":8},"end":{"line":45,"column":8}},{"start":{"line":45,"column":8},"end":{"line":45,"column":8}}]}},"code":["/* istanbul instrument in package npmtest_vue_loader */","/*jslint","    bitwise: true,","    browser: true,","    maxerr: 8,","    maxlen: 96,","    node: true,","    nomen: true,","    regexp: true,","    stupid: true","*/","(function () {","    'use strict';","    var local;","","","","    // run shared js-env code - pre-init","    (function () {","        // init local","        local = {};","        // init modeJs","        local.modeJs = (function () {","            try {","                return typeof navigator.userAgent === 'string' &&","                    typeof document.querySelector('body') === 'object' &&","                    typeof XMLHttpRequest.prototype.open === 'function' &&","                    'browser';","            } catch (errorCaughtBrowser) {","                return module.exports &&","                    typeof process.versions.node === 'string' &&","                    typeof require('http').createServer === 'function' &&","                    'node';","            }","        }());","        // init global","        local.global = local.modeJs === 'browser'","            ? window","            : global;","        // init utility2_rollup","        local = local.global.utility2_rollup || local;","        // init lib","        local.local = local.npmtest_vue_loader = local;","        // init exports","        if (local.modeJs === 'browser') {","            local.global.utility2_npmtest_vue_loader = local;","        } else {","            module.exports = local;","            module.exports.__dirname = __dirname;","            module.exports.module = module;","        }","    }());","}());",""],"l":{"12":2,"14":2,"19":2,"21":2,"23":2,"24":2,"25":2,"30":1,"37":2,"41":2,"43":2,"45":2,"46":1,"48":1,"49":1,"50":1}},"/home/travis/build/npmtest/node-npmtest-vue-loader/example.js":{"path":"/home/travis/build/npmtest/node-npmtest-vue-loader/example.js","s":{"1":2,"2":2,"3":2,"4":2,"5":2,"6":2,"7":2,"8":1,"9":2,"10":2,"11":2,"12":2,"13":1,"14":2,"15":2,"16":2,"17":2,"18":2,"19":0,"20":2,"21":1,"22":1,"23":1,"24":1,"25":1,"26":0,"27":0,"28":1,"29":1,"30":2,"31":0,"32":0,"33":0,"34":1,"35":2,"36":2,"37":3,"38":3,"39":3,"40":3,"41":0,"42":3,"43":3,"44":3,"45":1,"46":3,"47":1,"48":1,"49":1,"50":1,"51":1,"52":1,"53":1,"54":1,"55":1,"56":1,"57":0,"58":1,"59":6,"60":6,"61":1,"62":2,"63":0,"64":2,"65":1,"66":1,"67":0,"68":0,"69":0,"70":0,"71":0,"72":0,"73":0,"74":0,"75":0,"76":0,"77":0,"78":0,"79":0,"80":0,"81":0,"82":0,"83":0},"b":{"1":[2,1,1,1],"2":[1,1,1,1],"3":[1,1],"4":[2,2],"5":[1,1],"6":[1,1],"7":[2,0],"8":[2,1,1,1,1,1],"9":[0,2,0],"10":[1,1],"11":[2,1,1],"12":[1,0],"13":[0,2],"14":[2,0,0,0,0,0,0],"15":[0,3],"16":[3,0],"17":[1,1],"18":[0,1],"19":[1,2,0,2],"20":[1,0],"21":[1,1],"22":[0,0],"23":[0,0],"24":[0,0],"25":[0,0],"26":[0,0],"27":[0,0],"28":[0,0]},"f":{"1":2,"2":2,"3":2,"4":2,"5":2,"6":2,"7":3,"8":3,"9":3,"10":1,"11":6,"12":0},"fnMap":{"1":{"name":"(anonymous_1)","line":26,"loc":{"start":{"line":26,"column":1},"end":{"line":26,"column":13}}},"2":{"name":"(anonymous_2)","line":33,"loc":{"start":{"line":33,"column":5},"end":{"line":33,"column":17}}},"3":{"name":"(anonymous_3)","line":37,"loc":{"start":{"line":37,"column":24},"end":{"line":37,"column":36}}},"4":{"name":"(anonymous_4)","line":69,"loc":{"start":{"line":69,"column":31},"end":{"line":69,"column":48}},"skip":true},"5":{"name":"(anonymous_5)","line":78,"loc":{"start":{"line":78,"column":26},"end":{"line":78,"column":45}},"skip":true},"6":{"name":"(anonymous_6)","line":123,"loc":{"start":{"line":123,"column":33},"end":{"line":123,"column":48}},"skip":true},"7":{"name":"(anonymous_7)","line":125,"loc":{"start":{"line":125,"column":27},"end":{"line":125,"column":39}},"skip":true},"8":{"name":"(anonymous_8)","line":133,"loc":{"start":{"line":133,"column":59},"end":{"line":133,"column":74}},"skip":true},"9":{"name":"(anonymous_9)","line":143,"loc":{"start":{"line":143,"column":45},"end":{"line":143,"column":62}},"skip":true},"10":{"name":"(anonymous_10)","line":144,"loc":{"start":{"line":144,"column":73},"end":{"line":144,"column":92}},"skip":true},"11":{"name":"(anonymous_11)","line":272,"loc":{"start":{"line":272,"column":51},"end":{"line":272,"column":77}},"skip":true},"12":{"name":"(anonymous_12)","line":315,"loc":{"start":{"line":315,"column":32},"end":{"line":315,"column":61}},"skip":true}},"statementMap":{"1":{"start":{"line":26,"column":0},"end":{"line":326,"column":5}},"2":{"start":{"line":28,"column":4},"end":{"line":28,"column":14}},"3":{"start":{"line":33,"column":4},"end":{"line":60,"column":9}},"4":{"start":{"line":35,"column":8},"end":{"line":35,"column":19}},"5":{"start":{"line":37,"column":8},"end":{"line":49,"column":13}},"6":{"start":{"line":38,"column":12},"end":{"line":48,"column":13}},"7":{"start":{"line":39,"column":16},"end":{"line":42,"column":30}},"8":{"start":{"line":44,"column":16},"end":{"line":47,"column":27}},"9":{"start":{"line":51,"column":8},"end":{"line":53,"column":21}},"10":{"start":{"line":55,"column":8},"end":{"line":57,"column":45}},"11":{"start":{"line":59,"column":8},"end":{"line":59,"column":35}},"12":{"start":{"line":61,"column":4},"end":{"line":325,"column":5}},"13":{"start":{"line":69,"column":8},"end":{"line":121,"column":10},"skip":true},"14":{"start":{"line":70,"column":12},"end":{"line":88,"column":13},"skip":true},"15":{"start":{"line":76,"column":16},"end":{"line":87,"column":19},"skip":true},"16":{"start":{"line":79,"column":20},"end":{"line":86,"column":21},"skip":true},"17":{"start":{"line":82,"column":24},"end":{"line":82,"column":43},"skip":true},"18":{"start":{"line":83,"column":24},"end":{"line":83,"column":30},"skip":true},"19":{"start":{"line":85,"column":24},"end":{"line":85,"column":49},"skip":true},"20":{"start":{"line":89,"column":12},"end":{"line":107,"column":13},"skip":true},"21":{"start":{"line":92,"column":16},"end":{"line":102,"column":17},"skip":true},"22":{"start":{"line":93,"column":20},"end":{"line":93,"column":86},"skip":true},"23":{"start":{"line":94,"column":20},"end":{"line":95,"column":45},"skip":true},"24":{"start":{"line":96,"column":20},"end":{"line":96,"column":42},"skip":true},"25":{"start":{"line":97,"column":20},"end":{"line":97,"column":48},"skip":true},"26":{"start":{"line":100,"column":20},"end":{"line":100,"column":85},"skip":true},"27":{"start":{"line":101,"column":20},"end":{"line":101,"column":96},"skip":true},"28":{"start":{"line":103,"column":16},"end":{"line":103,"column":22},"skip":true},"29":{"start":{"line":106,"column":16},"end":{"line":106,"column":22},"skip":true},"30":{"start":{"line":108,"column":12},"end":{"line":120,"column":13},"skip":true},"31":{"start":{"line":114,"column":16},"end":{"line":119,"column":17},"skip":true},"32":{"start":{"line":116,"column":20},"end":{"line":116,"column":78},"skip":true},"33":{"start":{"line":118,"column":20},"end":{"line":118,"column":47},"skip":true},"34":{"start":{"line":123,"column":8},"end":{"line":141,"column":11},"skip":true},"35":{"start":{"line":124,"column":12},"end":{"line":124,"column":54},"skip":true},"36":{"start":{"line":125,"column":12},"end":{"line":140,"column":14},"skip":true},"37":{"start":{"line":126,"column":16},"end":{"line":126,"column":28},"skip":true},"38":{"start":{"line":127,"column":16},"end":{"line":127,"column":69},"skip":true},"39":{"start":{"line":128,"column":16},"end":{"line":128,"column":75},"skip":true},"40":{"start":{"line":129,"column":16},"end":{"line":131,"column":17},"skip":true},"41":{"start":{"line":130,"column":20},"end":{"line":130,"column":27},"skip":true},"42":{"start":{"line":133,"column":16},"end":{"line":137,"column":36},"skip":true},"43":{"start":{"line":134,"column":20},"end":{"line":136,"column":55},"skip":true},"44":{"start":{"line":139,"column":16},"end":{"line":139,"column":57},"skip":true},"45":{"start":{"line":143,"column":8},"end":{"line":147,"column":11},"skip":true},"46":{"start":{"line":144,"column":12},"end":{"line":146,"column":15},"skip":true},"47":{"start":{"line":145,"column":16},"end":{"line":145,"column":70},"skip":true},"48":{"start":{"line":149,"column":8},"end":{"line":149,"column":31},"skip":true},"49":{"start":{"line":150,"column":8},"end":{"line":150,"column":14},"skip":true},"50":{"start":{"line":158,"column":8},"end":{"line":158,"column":31},"skip":true},"51":{"start":{"line":160,"column":8},"end":{"line":160,"column":33},"skip":true},"52":{"start":{"line":161,"column":8},"end":{"line":161,"column":37},"skip":true},"53":{"start":{"line":162,"column":8},"end":{"line":162,"column":35},"skip":true},"54":{"start":{"line":164,"column":8},"end":{"line":164,"column":50},"skip":true},"55":{"start":{"line":166,"column":8},"end":{"line":256,"column":2},"skip":true},"56":{"start":{"line":258,"column":8},"end":{"line":286,"column":9},"skip":true},"57":{"start":{"line":259,"column":12},"end":{"line":269,"column":14},"skip":true},"58":{"start":{"line":271,"column":12},"end":{"line":285,"column":19},"skip":true},"59":{"start":{"line":274,"column":20},"end":{"line":274,"column":35},"skip":true},"60":{"start":{"line":275,"column":20},"end":{"line":284,"column":21},"skip":true},"61":{"start":{"line":277,"column":24},"end":{"line":277,"column":64},"skip":true},"62":{"start":{"line":279,"column":24},"end":{"line":279,"column":40},"skip":true},"63":{"start":{"line":281,"column":24},"end":{"line":281,"column":40},"skip":true},"64":{"start":{"line":283,"column":24},"end":{"line":283,"column":39},"skip":true},"65":{"start":{"line":288,"column":8},"end":{"line":290,"column":9},"skip":true},"66":{"start":{"line":289,"column":12},"end":{"line":289,"column":18},"skip":true},"67":{"start":{"line":291,"column":8},"end":{"line":293,"column":54},"skip":true},"68":{"start":{"line":296,"column":8},"end":{"line":301,"column":37},"skip":true},"69":{"start":{"line":303,"column":8},"end":{"line":303,"column":82},"skip":true},"70":{"start":{"line":306,"column":8},"end":{"line":308,"column":9},"skip":true},"71":{"start":{"line":307,"column":12},"end":{"line":307,"column":82},"skip":true},"72":{"start":{"line":310,"column":8},"end":{"line":312,"column":9},"skip":true},"73":{"start":{"line":311,"column":12},"end":{"line":311,"column":18},"skip":true},"74":{"start":{"line":313,"column":8},"end":{"line":313,"column":54},"skip":true},"75":{"start":{"line":314,"column":8},"end":{"line":314,"column":69},"skip":true},"76":{"start":{"line":315,"column":8},"end":{"line":323,"column":36},"skip":true},"77":{"start":{"line":316,"column":12},"end":{"line":316,"column":61},"skip":true},"78":{"start":{"line":317,"column":12},"end":{"line":320,"column":13},"skip":true},"79":{"start":{"line":318,"column":16},"end":{"line":318,"column":75},"skip":true},"80":{"start":{"line":319,"column":16},"end":{"line":319,"column":23},"skip":true},"81":{"start":{"line":321,"column":12},"end":{"line":321,"column":38},"skip":true},"82":{"start":{"line":322,"column":12},"end":{"line":322,"column":27},"skip":true},"83":{"start":{"line":324,"column":8},"end":{"line":324,"column":14},"skip":true}},"branchMap":{"1":{"line":39,"type":"binary-expr","locations":[{"start":{"line":39,"column":23},"end":{"line":39,"column":62}},{"start":{"line":40,"column":20},"end":{"line":40,"column":70}},{"start":{"line":41,"column":20},"end":{"line":41,"column":71}},{"start":{"line":42,"column":20},"end":{"line":42,"column":29}}]},"2":{"line":44,"type":"binary-expr","locations":[{"start":{"line":44,"column":23},"end":{"line":44,"column":37}},{"start":{"line":45,"column":20},"end":{"line":45,"column":61}},{"start":{"line":46,"column":20},"end":{"line":46,"column":70}},{"start":{"line":47,"column":20},"end":{"line":47,"column":26}}]},"3":{"line":51,"type":"cond-expr","locations":[{"start":{"line":52,"column":14},"end":{"line":52,"column":20}},{"start":{"line":53,"column":14},"end":{"line":53,"column":20}}]},"4":{"line":55,"type":"binary-expr","locations":[{"start":{"line":55,"column":16},"end":{"line":55,"column":44}},{"start":{"line":55,"column":49},"end":{"line":57,"column":43}}]},"5":{"line":55,"type":"cond-expr","locations":[{"start":{"line":56,"column":14},"end":{"line":56,"column":54}},{"start":{"line":57,"column":14},"end":{"line":57,"column":43}}]},"6":{"line":61,"type":"switch","locations":[{"start":{"line":68,"column":4},"end":{"line":150,"column":14},"skip":true},{"start":{"line":156,"column":4},"end":{"line":324,"column":14},"skip":true}]},"7":{"line":70,"type":"if","locations":[{"start":{"line":70,"column":12},"end":{"line":70,"column":12},"skip":true},{"start":{"line":70,"column":12},"end":{"line":70,"column":12},"skip":true}]},"8":{"line":70,"type":"binary-expr","locations":[{"start":{"line":70,"column":16},"end":{"line":70,"column":22},"skip":true},{"start":{"line":70,"column":27},"end":{"line":70,"column":32},"skip":true},{"start":{"line":71,"column":20},"end":{"line":71,"column":39},"skip":true},{"start":{"line":72,"column":20},"end":{"line":72,"column":49},"skip":true},{"start":{"line":73,"column":20},"end":{"line":73,"column":58},"skip":true},{"start":{"line":74,"column":20},"end":{"line":74,"column":69},"skip":true}]},"9":{"line":79,"type":"switch","locations":[{"start":{"line":80,"column":20},"end":{"line":80,"column":33},"skip":true},{"start":{"line":81,"column":20},"end":{"line":83,"column":30},"skip":true},{"start":{"line":84,"column":20},"end":{"line":85,"column":49},"skip":true}]},"10":{"line":89,"type":"switch","locations":[{"start":{"line":90,"column":12},"end":{"line":103,"column":22},"skip":true},{"start":{"line":105,"column":12},"end":{"line":106,"column":22},"skip":true}]},"11":{"line":89,"type":"binary-expr","locations":[{"start":{"line":89,"column":20},"end":{"line":89,"column":25},"skip":true},{"start":{"line":89,"column":29},"end":{"line":89,"column":48},"skip":true},{"start":{"line":89,"column":52},"end":{"line":89,"column":74},"skip":true}]},"12":{"line":92,"type":"if","locations":[{"start":{"line":92,"column":16},"end":{"line":92,"column":16},"skip":true},{"start":{"line":92,"column":16},"end":{"line":92,"column":16},"skip":true}]},"13":{"line":108,"type":"if","locations":[{"start":{"line":108,"column":12},"end":{"line":108,"column":12},"skip":true},{"start":{"line":108,"column":12},"end":{"line":108,"column":12},"skip":true}]},"14":{"line":108,"type":"binary-expr","locations":[{"start":{"line":108,"column":16},"end":{"line":108,"column":61},"skip":true},{"start":{"line":108,"column":66},"end":{"line":108,"column":72},"skip":true},{"start":{"line":108,"column":77},"end":{"line":108,"column":82},"skip":true},{"start":{"line":109,"column":20},"end":{"line":109,"column":39},"skip":true},{"start":{"line":110,"column":20},"end":{"line":110,"column":49},"skip":true},{"start":{"line":111,"column":20},"end":{"line":111,"column":58},"skip":true},{"start":{"line":112,"column":20},"end":{"line":112,"column":68},"skip":true}]},"15":{"line":129,"type":"if","locations":[{"start":{"line":129,"column":16},"end":{"line":129,"column":16},"skip":true},{"start":{"line":129,"column":16},"end":{"line":129,"column":16},"skip":true}]},"16":{"line":134,"type":"cond-expr","locations":[{"start":{"line":135,"column":26},"end":{"line":135,"column":29},"skip":true},{"start":{"line":136,"column":26},"end":{"line":136,"column":54},"skip":true}]},"17":{"line":164,"type":"binary-expr","locations":[{"start":{"line":164,"column":27},"end":{"line":164,"column":43},"skip":true},{"start":{"line":164,"column":47},"end":{"line":164,"column":49},"skip":true}]},"18":{"line":258,"type":"if","locations":[{"start":{"line":258,"column":8},"end":{"line":258,"column":8},"skip":true},{"start":{"line":258,"column":8},"end":{"line":258,"column":8},"skip":true}]},"19":{"line":275,"type":"switch","locations":[{"start":{"line":276,"column":20},"end":{"line":277,"column":64},"skip":true},{"start":{"line":278,"column":20},"end":{"line":279,"column":40},"skip":true},{"start":{"line":280,"column":20},"end":{"line":281,"column":40},"skip":true},{"start":{"line":282,"column":20},"end":{"line":283,"column":39},"skip":true}]},"20":{"line":288,"type":"if","locations":[{"start":{"line":288,"column":8},"end":{"line":288,"column":8},"skip":true},{"start":{"line":288,"column":8},"end":{"line":288,"column":8},"skip":true}]},"21":{"line":288,"type":"binary-expr","locations":[{"start":{"line":288,"column":12},"end":{"line":288,"column":40},"skip":true},{"start":{"line":288,"column":44},"end":{"line":288,"column":67},"skip":true}]},"22":{"line":292,"type":"binary-expr","locations":[{"start":{"line":292,"column":12},"end":{"line":292,"column":50},"skip":true},{"start":{"line":293,"column":12},"end":{"line":293,"column":53},"skip":true}]},"23":{"line":297,"type":"binary-expr","locations":[{"start":{"line":297,"column":12},"end":{"line":297,"column":68},"skip":true},{"start":{"line":298,"column":12},"end":{"line":301,"column":36},"skip":true}]},"24":{"line":303,"type":"binary-expr","locations":[{"start":{"line":303,"column":43},"end":{"line":303,"column":75},"skip":true},{"start":{"line":303,"column":79},"end":{"line":303,"column":81},"skip":true}]},"25":{"line":306,"type":"if","locations":[{"start":{"line":306,"column":8},"end":{"line":306,"column":8},"skip":true},{"start":{"line":306,"column":8},"end":{"line":306,"column":8},"skip":true}]},"26":{"line":310,"type":"if","locations":[{"start":{"line":310,"column":8},"end":{"line":310,"column":8},"skip":true},{"start":{"line":310,"column":8},"end":{"line":310,"column":8},"skip":true}]},"27":{"line":313,"type":"binary-expr","locations":[{"start":{"line":313,"column":27},"end":{"line":313,"column":43},"skip":true},{"start":{"line":313,"column":47},"end":{"line":313,"column":53},"skip":true}]},"28":{"line":317,"type":"if","locations":[{"start":{"line":317,"column":12},"end":{"line":317,"column":12},"skip":true},{"start":{"line":317,"column":12},"end":{"line":317,"column":12},"skip":true}]}},"code":["/*","example.js","","quickstart example","","instruction","    1. save this script as example.js","    2. run the shell command:","        $ npm install npmtest-vue-loader && PORT=8081 node example.js","    3. play with the browser-demo on http://127.0.0.1:8081","*/","","","","/* istanbul instrument in package npmtest_vue_loader */","/*jslint","    bitwise: true,","    browser: true,","    maxerr: 8,","    maxlen: 96,","    node: true,","    nomen: true,","    regexp: true,","    stupid: true","*/","(function () {","    'use strict';","    var local;","","","","    // run shared js-env code - pre-init","    (function () {","        // init local","        local = {};","        // init modeJs","        local.modeJs = (function () {","            try {","                return typeof navigator.userAgent === 'string' &&","                    typeof document.querySelector('body') === 'object' &&","                    typeof XMLHttpRequest.prototype.open === 'function' &&","                    'browser';","            } catch (errorCaughtBrowser) {","                return module.exports &&","                    typeof process.versions.node === 'string' &&","                    typeof require('http').createServer === 'function' &&","                    'node';","            }","        }());","        // init global","        local.global = local.modeJs === 'browser'","            ? window","            : global;","        // init utility2_rollup","        local = local.global.utility2_rollup || (local.modeJs === 'browser'","            ? local.global.utility2_npmtest_vue_loader","            : global.utility2_moduleExports);","        // export local","        local.global.local = local;","    }());","    switch (local.modeJs) {","","","","    // post-init","    // run browser js-env code - post-init","    /* istanbul ignore next */","    case 'browser':","        local.testRunBrowser = function (event) {","            if (!event || (event &&","                    event.currentTarget &&","                    event.currentTarget.className &&","                    event.currentTarget.className.includes &&","                    event.currentTarget.className.includes('onreset'))) {","                // reset output","                Array.from(","                    document.querySelectorAll('body > .resettable')","                ).forEach(function (element) {","                    switch (element.tagName) {","                    case 'INPUT':","                    case 'TEXTAREA':","                        element.value = '';","                        break;","                    default:","                        element.textContent = '';","                    }","                });","            }","            switch (event && event.currentTarget && event.currentTarget.id) {","            case 'testRunButton1':","                // show tests","                if (document.querySelector('#testReportDiv1').style.display === 'none') {","                    document.querySelector('#testReportDiv1').style.display = 'block';","                    document.querySelector('#testRunButton1').textContent =","                        'hide internal test';","                    local.modeTest = true;","                    local.testRunDefault(local);","                // hide tests","                } else {","                    document.querySelector('#testReportDiv1').style.display = 'none';","                    document.querySelector('#testRunButton1').textContent = 'run internal test';","                }","                break;","            // custom-case","            default:","                break;","            }","            if (document.querySelector('#inputTextareaEval1') && (!event || (event &&","                    event.currentTarget &&","                    event.currentTarget.className &&","                    event.currentTarget.className.includes &&","                    event.currentTarget.className.includes('oneval')))) {","                // try to eval input-code","                try {","                    /*jslint evil: true*/","                    eval(document.querySelector('#inputTextareaEval1').value);","                } catch (errorCaught) {","                    console.error(errorCaught);","                }","            }","        };","        // log stderr and stdout to #outputTextareaStdout1","        ['error', 'log'].forEach(function (key) {","            console[key + '_original'] = console[key];","            console[key] = function () {","                var element;","                console[key + '_original'].apply(console, arguments);","                element = document.querySelector('#outputTextareaStdout1');","                if (!element) {","                    return;","                }","                // append text to #outputTextareaStdout1","                element.value += Array.from(arguments).map(function (arg) {","                    return typeof arg === 'string'","                        ? arg","                        : JSON.stringify(arg, null, 4);","                }).join(' ') + '\\n';","                // scroll textarea to bottom","                element.scrollTop = element.scrollHeight;","            };","        });","        // init event-handling","        ['change', 'click', 'keyup'].forEach(function (event) {","            Array.from(document.querySelectorAll('.on' + event)).forEach(function (element) {","                element.addEventListener(event, local.testRunBrowser);","            });","        });","        // run tests","        local.testRunBrowser();","        break;","","","","    // run node js-env code - post-init","    /* istanbul ignore next */","    case 'node':","        // export local","        module.exports = local;","        // require modules","        local.fs = require('fs');","        local.http = require('http');","        local.url = require('url');","        // init assets","        local.assetsDict = local.assetsDict || {};","        /* jslint-ignore-begin */","        local.assetsDict['/assets.index.template.html'] = '\\","<!doctype html>\\n\\","<html lang=\"en\">\\n\\","<head>\\n\\","<meta charset=\"UTF-8\">\\n\\","<meta name=\"viewport\" content=\"width=device-width, initial-scale=1\">\\n\\","<title>{{env.npm_package_name}} (v{{env.npm_package_version}})</title>\\n\\","<style>\\n\\","/*csslint\\n\\","    box-sizing: false,\\n\\","    universal-selector: false\\n\\","*/\\n\\","* {\\n\\","    box-sizing: border-box;\\n\\","}\\n\\","body {\\n\\","    background: #dde;\\n\\","    font-family: Arial, Helvetica, sans-serif;\\n\\","    margin: 2rem;\\n\\","}\\n\\","body > * {\\n\\","    margin-bottom: 1rem;\\n\\","}\\n\\",".utility2FooterDiv {\\n\\","    margin-top: 20px;\\n\\","    text-align: center;\\n\\","}\\n\\","</style>\\n\\","<style>\\n\\","/*csslint\\n\\","*/\\n\\","textarea {\\n\\","    font-family: monospace;\\n\\","    height: 10rem;\\n\\","    width: 100%;\\n\\","}\\n\\","textarea[readonly] {\\n\\","    background: #ddd;\\n\\","}\\n\\","</style>\\n\\","</head>\\n\\","<body>\\n\\","<!-- utility2-comment\\n\\","<div id=\"ajaxProgressDiv1\" style=\"background: #d00; height: 2px; left: 0; margin: 0; padding: 0; position: fixed; top: 0; transition: background 0.5s, width 1.5s; width: 25%;\"></div>\\n\\","utility2-comment -->\\n\\","<h1>\\n\\","<!-- utility2-comment\\n\\","    <a\\n\\","        {{#if env.npm_package_homepage}}\\n\\","        href=\"{{env.npm_package_homepage}}\"\\n\\","        {{/if env.npm_package_homepage}}\\n\\","        target=\"_blank\"\\n\\","    >\\n\\","utility2-comment -->\\n\\","        {{env.npm_package_name}} (v{{env.npm_package_version}})\\n\\","<!-- utility2-comment\\n\\","    </a>\\n\\","utility2-comment -->\\n\\","</h1>\\n\\","<h3>{{env.npm_package_description}}</h3>\\n\\","<!-- utility2-comment\\n\\","<h4><a download href=\"assets.app.js\">download standalone app</a></h4>\\n\\","<button class=\"onclick onreset\" id=\"testRunButton1\">run internal test</button><br>\\n\\","<div id=\"testReportDiv1\" style=\"display: none;\"></div>\\n\\","utility2-comment -->\\n\\","\\n\\","\\n\\","\\n\\","<label>stderr and stdout</label>\\n\\","<textarea class=\"resettable\" id=\"outputTextareaStdout1\" readonly></textarea>\\n\\","<!-- utility2-comment\\n\\","{{#if isRollup}}\\n\\","<script src=\"assets.app.js\"></script>\\n\\","{{#unless isRollup}}\\n\\","utility2-comment -->\\n\\","<script src=\"assets.utility2.rollup.js\"></script>\\n\\","<script src=\"jsonp.utility2._stateInit?callback=window.utility2._stateInit\"></script>\\n\\","<script src=\"assets.npmtest_vue_loader.rollup.js\"></script>\\n\\","<script src=\"assets.example.js\"></script>\\n\\","<script src=\"assets.test.js\"></script>\\n\\","<!-- utility2-comment\\n\\","{{/if isRollup}}\\n\\","utility2-comment -->\\n\\","<div class=\"utility2FooterDiv\">\\n\\","    [ this app was created with\\n\\","    <a href=\"https://github.com/kaizhu256/node-utility2\" target=\"_blank\">utility2</a>\\n\\","    ]\\n\\","</div>\\n\\","</body>\\n\\","</html>\\n\\","';","        /* jslint-ignore-end */","        if (local.templateRender) {","            local.assetsDict['/'] = local.templateRender(","                local.assetsDict['/assets.index.template.html'],","                {","                    env: local.objectSetDefault(local.env, {","                        npm_package_description: 'the greatest app in the world!',","                        npm_package_name: 'my-app',","                        npm_package_nameAlias: 'my_app',","                        npm_package_version: '0.0.1'","                    })","                }","            );","        } else {","            local.assetsDict['/'] = local.assetsDict['/assets.index.template.html']","                .replace((/\\{\\{env\\.(\\w+?)\\}\\}/g), function (match0, match1) {","                    // jslint-hack","                    String(match0);","                    switch (match1) {","                    case 'npm_package_description':","                        return 'the greatest app in the world!';","                    case 'npm_package_name':","                        return 'my-app';","                    case 'npm_package_nameAlias':","                        return 'my_app';","                    case 'npm_package_version':","                        return '0.0.1';","                    }","                });","        }","        // run the cli","        if (local.global.utility2_rollup || module !== require.main) {","            break;","        }","        local.assetsDict['/assets.example.js'] =","            local.assetsDict['/assets.example.js'] ||","            local.fs.readFileSync(__filename, 'utf8');","        // bug-workaround - long $npm_package_buildCustomOrg","        /* jslint-ignore-begin */","        local.assetsDict['/assets.npmtest_vue_loader.rollup.js'] =","            local.assetsDict['/assets.npmtest_vue_loader.rollup.js'] ||","            local.fs.readFileSync(","                local.npmtest_vue_loader.__dirname + '/lib.npmtest_vue_loader.js',","                'utf8'","            ).replace((/^#!/), '//');","        /* jslint-ignore-end */","        local.assetsDict['/favicon.ico'] = local.assetsDict['/favicon.ico'] || '';","        // if $npm_config_timeout_exit exists,","        // then exit this process after $npm_config_timeout_exit ms","        if (Number(process.env.npm_config_timeout_exit)) {","            setTimeout(process.exit, Number(process.env.npm_config_timeout_exit));","        }","        // start server","        if (local.global.utility2_serverHttp1) {","            break;","        }","        process.env.PORT = process.env.PORT || '8081';","        console.error('server starting on port ' + process.env.PORT);","        local.http.createServer(function (request, response) {","            request.urlParsed = local.url.parse(request.url);","            if (local.assetsDict[request.urlParsed.pathname] !== undefined) {","                response.end(local.assetsDict[request.urlParsed.pathname]);","                return;","            }","            response.statusCode = 404;","            response.end();","        }).listen(process.env.PORT);","        break;","    }","}());",""],"l":{"26":2,"28":2,"33":2,"35":2,"37":2,"38":2,"39":2,"44":1,"51":2,"55":2,"59":2,"61":2,"69":1,"70":2,"76":2,"79":2,"82":2,"83":2,"85":1,"89":2,"92":1,"93":1,"94":1,"96":1,"97":1,"100":1,"101":1,"103":1,"106":1,"108":2,"114":1,"116":1,"118":1,"123":1,"124":2,"125":2,"126":3,"127":3,"128":3,"129":3,"130":1,"133":3,"134":3,"139":3,"143":1,"144":3,"145":1,"149":1,"150":1,"158":1,"160":1,"161":1,"162":1,"164":1,"166":1,"258":1,"259":1,"271":1,"274":6,"275":6,"277":1,"279":2,"281":1,"283":2,"288":1,"289":1,"291":1,"296":1,"303":1,"306":1,"307":1,"310":1,"311":1,"313":1,"314":1,"315":1,"316":1,"317":1,"318":1,"319":1,"321":1,"322":1,"324":1}},"/home/travis/build/npmtest/node-npmtest-vue-loader/node_modules/vue-loader/index.js":{"path":"/home/travis/build/npmtest/node-npmtest-vue-loader/node_modules/vue-loader/index.js","s":{"1":1},"b":{},"f":{},"fnMap":{},"statementMap":{"1":{"start":{"line":1,"column":0},"end":{"line":1,"column":40}}},"branchMap":{},"code":["module.exports = require('./lib/loader')",""],"l":{"1":1}},"/home/travis/build/npmtest/node-npmtest-vue-loader/node_modules/vue-loader/lib/loader.js":{"path":"/home/travis/build/npmtest/node-npmtest-vue-loader/node_modules/vue-loader/lib/loader.js","s":{"1":1,"2":1,"3":1,"4":1,"5":1,"6":1,"7":1,"8":1,"9":1,"10":1,"11":1,"12":1,"13":1,"14":1,"15":1,"16":1,"17":1,"18":1,"19":1,"20":1,"21":1,"22":1,"23":0,"24":0,"25":0,"26":1,"27":0,"28":0,"29":0,"30":0,"31":0,"32":0,"33":0,"34":0,"35":0,"36":0,"37":0,"38":0,"39":0,"40":0,"41":0,"42":0,"43":0,"44":0,"45":0,"46":0,"47":0,"48":0,"49":1,"50":0,"51":1,"52":0,"53":1,"54":0,"55":1,"56":0,"57":1,"58":0,"59":0,"60":0,"61":0,"62":0,"63":0,"64":0,"65":0,"66":0,"67":0,"68":0,"69":1,"70":0,"71":0,"72":0,"73":0,"74":1,"75":0,"76":0,"77":1,"78":0,"79":0,"80":0,"81":0,"82":0,"83":0,"84":0,"85":1,"86":0,"87":0,"88":0,"89":1,"90":0,"91":0,"92":0,"93":0,"94":0,"95":0,"96":0,"97":0,"98":0,"99":0,"100":0,"101":0,"102":0,"103":0,"104":0,"105":0,"106":0,"107":0,"108":0,"109":0,"110":0,"111":0,"112":0,"113":0,"114":0,"115":0,"116":0,"117":0,"118":0,"119":1,"120":0,"121":0,"122":0,"123":1,"124":0,"125":1,"126":0,"127":0,"128":0,"129":0,"130":0,"131":0,"132":0,"133":0,"134":0,"135":0,"136":0,"137":0,"138":0,"139":0,"140":0,"141":0,"142":0,"143":0,"144":0,"145":0,"146":0,"147":0,"148":0,"149":0,"150":0,"151":0,"152":0,"153":0,"154":0,"155":0,"156":0,"157":0,"158":0,"159":0,"160":0,"161":0,"162":0,"163":0,"164":0,"165":0,"166":0,"167":0,"168":0,"169":0,"170":0,"171":0,"172":0,"173":0,"174":0,"175":0,"176":0,"177":0,"178":0,"179":0,"180":0,"181":0,"182":0,"183":0,"184":0,"185":0,"186":0,"187":0,"188":0,"189":0,"190":0,"191":0,"192":0,"193":0,"194":0,"195":0,"196":0,"197":0,"198":0,"199":0,"200":0,"201":0,"202":0,"203":0,"204":0,"205":0,"206":0,"207":0},"b":{"1":[0,0],"2":[0,0],"3":[0,0],"4":[0,0,0,0],"5":[0,0],"6":[0,0,0],"7":[0,0],"8":[0,0],"9":[0,0],"10":[0,0],"11":[0,0],"12":[0,0],"13":[0,0],"14":[0,0],"15":[0,0],"16":[0,0],"17":[0,0],"18":[0,0],"19":[0,0],"20":[0,0],"21":[0,0],"22":[0,0],"23":[0,0,0],"24":[0,0],"25":[0,0],"26":[0,0],"27":[0,0],"28":[0,0,0],"29":[0,0],"30":[0,0],"31":[0,0],"32":[0,0],"33":[0,0],"34":[0,0],"35":[0,0],"36":[0,0],"37":[0,0],"38":[0,0],"39":[0,0],"40":[0,0],"41":[0,0,0,0],"42":[0,0],"43":[0,0],"44":[0,0],"45":[0,0],"46":[0,0,0],"47":[0,0],"48":[0,0],"49":[0,0],"50":[0,0],"51":[0,0],"52":[0,0],"53":[0,0],"54":[0,0],"55":[0,0],"56":[0,0],"57":[0,0],"58":[0,0],"59":[0,0],"60":[0,0],"61":[0,0],"62":[0,0],"63":[0,0],"64":[0,0],"65":[0,0],"66":[0,0],"67":[0,0],"68":[0,0],"69":[0,0],"70":[0,0],"71":[0,0],"72":[0,0,0,0],"73":[0,0],"74":[0,0],"75":[0,0]},"f":{"1":0,"2":0,"3":0,"4":0,"5":0,"6":0,"7":0,"8":0,"9":0,"10":0,"11":0,"12":0,"13":0,"14":0,"15":0,"16":0,"17":0,"18":0,"19":0,"20":0,"21":0,"22":0,"23":0},"fnMap":{"1":{"name":"getRawRequest","line":40,"loc":{"start":{"line":40,"column":0},"end":{"line":40,"column":53}}},"2":{"name":"(anonymous_2)","line":49,"loc":{"start":{"line":49,"column":17},"end":{"line":49,"column":36}}},"3":{"name":"getRequire","line":100,"loc":{"start":{"line":100,"column":2},"end":{"line":100,"column":50}}},"4":{"name":"getRequireString","line":106,"loc":{"start":{"line":106,"column":2},"end":{"line":106,"column":56}}},"5":{"name":"getRequireForImport","line":119,"loc":{"start":{"line":119,"column":2},"end":{"line":119,"column":52}}},"6":{"name":"getRequireForImportString","line":125,"loc":{"start":{"line":125,"column":2},"end":{"line":125,"column":58}}},"7":{"name":"addCssModulesToLoader","line":133,"loc":{"start":{"line":133,"column":2},"end":{"line":133,"column":55}}},"8":{"name":"(anonymous_8)","line":143,"loc":{"start":{"line":143,"column":64},"end":{"line":143,"column":85}}},"9":{"name":"buildCustomBlockLoaderString","line":159,"loc":{"start":{"line":159,"column":2},"end":{"line":159,"column":48}}},"10":{"name":"stringifyLoaders","line":167,"loc":{"start":{"line":167,"column":2},"end":{"line":167,"column":38}}},"11":{"name":"(anonymous_11)","line":168,"loc":{"start":{"line":168,"column":23},"end":{"line":168,"column":38}}},"12":{"name":"getLoaderString","line":175,"loc":{"start":{"line":175,"column":2},"end":{"line":175,"column":55}}},"13":{"name":"getLangString","line":187,"loc":{"start":{"line":187,"column":2},"end":{"line":187,"column":38}}},"14":{"name":"getRawLoaderString","line":195,"loc":{"start":{"line":195,"column":2},"end":{"line":195,"column":58}}},"15":{"name":"(anonymous_15)","line":223,"loc":{"start":{"line":223,"column":52},"end":{"line":223,"column":69}}},"16":{"name":"ensureLoader","line":258,"loc":{"start":{"line":258,"column":2},"end":{"line":258,"column":31}}},"17":{"name":"(anonymous_17)","line":259,"loc":{"start":{"line":259,"column":31},"end":{"line":259,"column":49}}},"18":{"name":"(anonymous_18)","line":260,"loc":{"start":{"line":260,"column":48},"end":{"line":260,"column":74}}},"19":{"name":"getSelectorString","line":266,"loc":{"start":{"line":266,"column":2},"end":{"line":266,"column":43}}},"20":{"name":"ensureBang","line":272,"loc":{"start":{"line":272,"column":2},"end":{"line":272,"column":31}}},"21":{"name":"(anonymous_21)","line":282,"loc":{"start":{"line":282,"column":36},"end":{"line":282,"column":49}}},"22":{"name":"(anonymous_22)","line":291,"loc":{"start":{"line":291,"column":25},"end":{"line":291,"column":45}}},"23":{"name":"(anonymous_23)","line":411,"loc":{"start":{"line":411,"column":31},"end":{"line":411,"column":57}}}},"statementMap":{"1":{"start":{"line":1,"column":0},"end":{"line":1,"column":26}},"2":{"start":{"line":2,"column":0},"end":{"line":2,"column":31}},"3":{"start":{"line":3,"column":0},"end":{"line":3,"column":37}},"4":{"start":{"line":4,"column":0},"end":{"line":4,"column":44}},"5":{"start":{"line":5,"column":0},"end":{"line":5,"column":41}},"6":{"start":{"line":6,"column":0},"end":{"line":6,"column":40}},"7":{"start":{"line":9,"column":0},"end":{"line":9,"column":44}},"8":{"start":{"line":10,"column":0},"end":{"line":10,"column":61}},"9":{"start":{"line":11,"column":0},"end":{"line":11,"column":67}},"10":{"start":{"line":12,"column":0},"end":{"line":12,"column":78}},"11":{"start":{"line":13,"column":0},"end":{"line":13,"column":67}},"12":{"start":{"line":16,"column":0},"end":{"line":16,"column":55}},"13":{"start":{"line":17,"column":0},"end":{"line":17,"column":58}},"14":{"start":{"line":19,"column":0},"end":{"line":19,"column":20}},"15":{"start":{"line":20,"column":0},"end":{"line":22,"column":14}},"16":{"start":{"line":21,"column":2},"end":{"line":21,"column":38}},"17":{"start":{"line":24,"column":0},"end":{"line":24,"column":20}},"18":{"start":{"line":25,"column":0},"end":{"line":27,"column":14}},"19":{"start":{"line":26,"column":2},"end":{"line":26,"column":38}},"20":{"start":{"line":29,"column":0},"end":{"line":29,"column":63}},"21":{"start":{"line":31,"column":0},"end":{"line":35,"column":1}},"22":{"start":{"line":40,"column":0},"end":{"line":47,"column":1}},"23":{"start":{"line":41,"column":2},"end":{"line":41,"column":60}},"24":{"start":{"line":42,"column":2},"end":{"line":46,"column":4}},"25":{"start":{"line":45,"column":46},"end":{"line":45,"column":83}},"26":{"start":{"line":49,"column":0},"end":{"line":488,"column":1}},"27":{"start":{"line":50,"column":2},"end":{"line":50,"column":18}},"28":{"start":{"line":51,"column":2},"end":{"line":51,"column":39}},"29":{"start":{"line":52,"column":2},"end":{"line":52,"column":75}},"30":{"start":{"line":54,"column":2},"end":{"line":54,"column":26}},"31":{"start":{"line":55,"column":2},"end":{"line":55,"column":48}},"32":{"start":{"line":56,"column":2},"end":{"line":56,"column":98}},"33":{"start":{"line":57,"column":2},"end":{"line":57,"column":66}},"34":{"start":{"line":59,"column":2},"end":{"line":59,"column":34}},"35":{"start":{"line":60,"column":2},"end":{"line":60,"column":40}},"36":{"start":{"line":62,"column":2},"end":{"line":62,"column":99}},"37":{"start":{"line":63,"column":2},"end":{"line":63,"column":70}},"38":{"start":{"line":65,"column":2},"end":{"line":65,"column":27}},"39":{"start":{"line":66,"column":2},"end":{"line":68,"column":3}},"40":{"start":{"line":67,"column":4},"end":{"line":67,"column":36}},"41":{"start":{"line":69,"column":2},"end":{"line":71,"column":3}},"42":{"start":{"line":70,"column":4},"end":{"line":70,"column":67}},"43":{"start":{"line":73,"column":2},"end":{"line":75,"column":8}},"44":{"start":{"line":77,"column":2},"end":{"line":86,"column":4}},"45":{"start":{"line":88,"column":2},"end":{"line":92,"column":3}},"46":{"start":{"line":96,"column":2},"end":{"line":96,"column":66}},"47":{"start":{"line":97,"column":2},"end":{"line":97,"column":43}},"48":{"start":{"line":98,"column":2},"end":{"line":98,"column":45}},"49":{"start":{"line":100,"column":2},"end":{"line":104,"column":3}},"50":{"start":{"line":101,"column":4},"end":{"line":103,"column":7}},"51":{"start":{"line":106,"column":2},"end":{"line":117,"column":3}},"52":{"start":{"line":107,"column":4},"end":{"line":116,"column":5}},"53":{"start":{"line":119,"column":2},"end":{"line":123,"column":3}},"54":{"start":{"line":120,"column":4},"end":{"line":122,"column":7}},"55":{"start":{"line":125,"column":2},"end":{"line":131,"column":3}},"56":{"start":{"line":126,"column":4},"end":{"line":130,"column":5}},"57":{"start":{"line":133,"column":2},"end":{"line":157,"column":3}},"58":{"start":{"line":134,"column":4},"end":{"line":134,"column":35}},"59":{"start":{"line":134,"column":22},"end":{"line":134,"column":35}},"60":{"start":{"line":135,"column":4},"end":{"line":135,"column":41}},"61":{"start":{"line":136,"column":4},"end":{"line":139,"column":5}},"62":{"start":{"line":140,"column":4},"end":{"line":142,"column":5}},"63":{"start":{"line":143,"column":4},"end":{"line":156,"column":6}},"64":{"start":{"line":146,"column":6},"end":{"line":146,"column":51}},"65":{"start":{"line":147,"column":6},"end":{"line":147,"column":60}},"66":{"start":{"line":148,"column":6},"end":{"line":154,"column":7}},"67":{"start":{"line":153,"column":8},"end":{"line":153,"column":43}},"68":{"start":{"line":155,"column":6},"end":{"line":155,"column":45}},"69":{"start":{"line":159,"column":2},"end":{"line":164,"column":3}},"70":{"start":{"line":160,"column":4},"end":{"line":160,"column":45}},"71":{"start":{"line":161,"column":4},"end":{"line":161,"column":25}},"72":{"start":{"line":162,"column":4},"end":{"line":162,"column":46}},"73":{"start":{"line":163,"column":4},"end":{"line":163,"column":29}},"74":{"start":{"line":167,"column":2},"end":{"line":173,"column":3}},"75":{"start":{"line":168,"column":4},"end":{"line":172,"column":16}},"76":{"start":{"line":169,"column":6},"end":{"line":171,"column":13}},"77":{"start":{"line":175,"column":2},"end":{"line":185,"column":3}},"78":{"start":{"line":176,"column":4},"end":{"line":176,"column":62}},"79":{"start":{"line":177,"column":4},"end":{"line":177,"column":40}},"80":{"start":{"line":178,"column":4},"end":{"line":180,"column":5}},"81":{"start":{"line":179,"column":6},"end":{"line":179,"column":52}},"82":{"start":{"line":181,"column":4},"end":{"line":183,"column":5}},"83":{"start":{"line":182,"column":6},"end":{"line":182,"column":53}},"84":{"start":{"line":184,"column":4},"end":{"line":184,"column":17}},"85":{"start":{"line":187,"column":2},"end":{"line":193,"column":3}},"86":{"start":{"line":188,"column":4},"end":{"line":192,"column":5}},"87":{"start":{"line":189,"column":6},"end":{"line":189,"column":43}},"88":{"start":{"line":191,"column":6},"end":{"line":191,"column":17}},"89":{"start":{"line":195,"column":2},"end":{"line":253,"column":3}},"90":{"start":{"line":196,"column":4},"end":{"line":196,"column":45}},"91":{"start":{"line":197,"column":4},"end":{"line":197,"column":30}},"92":{"start":{"line":199,"column":4},"end":{"line":199,"column":26}},"93":{"start":{"line":200,"column":4},"end":{"line":206,"column":5}},"94":{"start":{"line":201,"column":6},"end":{"line":205,"column":14}},"95":{"start":{"line":208,"column":4},"end":{"line":210,"column":10}},"96":{"start":{"line":212,"column":4},"end":{"line":252,"column":5}},"97":{"start":{"line":213,"column":6},"end":{"line":217,"column":7}},"98":{"start":{"line":214,"column":8},"end":{"line":214,"column":41}},"99":{"start":{"line":215,"column":13},"end":{"line":217,"column":7}},"100":{"start":{"line":216,"column":8},"end":{"line":216,"column":43}},"101":{"start":{"line":218,"column":6},"end":{"line":229,"column":7}},"102":{"start":{"line":220,"column":8},"end":{"line":220,"column":59}},"103":{"start":{"line":222,"column":8},"end":{"line":228,"column":9}},"104":{"start":{"line":223,"column":10},"end":{"line":225,"column":12}},"105":{"start":{"line":224,"column":12},"end":{"line":224,"column":49}},"106":{"start":{"line":227,"column":10},"end":{"line":227,"column":53}},"107":{"start":{"line":231,"column":6},"end":{"line":233,"column":7}},"108":{"start":{"line":232,"column":8},"end":{"line":232,"column":51}},"109":{"start":{"line":234,"column":6},"end":{"line":234,"column":46}},"110":{"start":{"line":237,"column":6},"end":{"line":251,"column":7}},"111":{"start":{"line":239,"column":10},"end":{"line":239,"column":99}},"112":{"start":{"line":241,"column":10},"end":{"line":241,"column":73}},"113":{"start":{"line":242,"column":10},"end":{"line":242,"column":78}},"114":{"start":{"line":244,"column":10},"end":{"line":244,"column":62}},"115":{"start":{"line":246,"column":10},"end":{"line":246,"column":32}},"116":{"start":{"line":247,"column":10},"end":{"line":249,"column":11}},"117":{"start":{"line":248,"column":12},"end":{"line":248,"column":45}},"118":{"start":{"line":250,"column":10},"end":{"line":250,"column":78}},"119":{"start":{"line":258,"column":2},"end":{"line":264,"column":3}},"120":{"start":{"line":259,"column":4},"end":{"line":263,"column":16}},"121":{"start":{"line":260,"column":6},"end":{"line":262,"column":8}},"122":{"start":{"line":261,"column":8},"end":{"line":261,"column":82}},"123":{"start":{"line":266,"column":2},"end":{"line":270,"column":3}},"124":{"start":{"line":267,"column":4},"end":{"line":269,"column":29}},"125":{"start":{"line":272,"column":2},"end":{"line":278,"column":3}},"126":{"start":{"line":273,"column":4},"end":{"line":277,"column":5}},"127":{"start":{"line":274,"column":6},"end":{"line":274,"column":25}},"128":{"start":{"line":276,"column":6},"end":{"line":276,"column":19}},"129":{"start":{"line":280,"column":2},"end":{"line":280,"column":17}},"130":{"start":{"line":281,"column":2},"end":{"line":281,"column":54}},"131":{"start":{"line":282,"column":2},"end":{"line":282,"column":69}},"132":{"start":{"line":282,"column":51},"end":{"line":282,"column":67}},"133":{"start":{"line":285,"column":2},"end":{"line":285,"column":16}},"134":{"start":{"line":288,"column":2},"end":{"line":327,"column":3}},"135":{"start":{"line":289,"column":4},"end":{"line":289,"column":32}},"136":{"start":{"line":290,"column":4},"end":{"line":290,"column":26}},"137":{"start":{"line":291,"column":4},"end":{"line":325,"column":6}},"138":{"start":{"line":293,"column":6},"end":{"line":295,"column":54}},"139":{"start":{"line":297,"column":6},"end":{"line":297,"column":72}},"140":{"start":{"line":299,"column":6},"end":{"line":324,"column":7}},"141":{"start":{"line":300,"column":8},"end":{"line":302,"column":9}},"142":{"start":{"line":301,"column":10},"end":{"line":301,"column":25}},"143":{"start":{"line":303,"column":8},"end":{"line":306,"column":9}},"144":{"start":{"line":304,"column":10},"end":{"line":304,"column":27}},"145":{"start":{"line":305,"column":10},"end":{"line":305,"column":43}},"146":{"start":{"line":307,"column":8},"end":{"line":321,"column":9}},"147":{"start":{"line":308,"column":10},"end":{"line":308,"column":88}},"148":{"start":{"line":309,"column":10},"end":{"line":309,"column":33}},"149":{"start":{"line":311,"column":10},"end":{"line":311,"column":39}},"150":{"start":{"line":316,"column":10},"end":{"line":318,"column":11}},"151":{"start":{"line":317,"column":12},"end":{"line":317,"column":38}},"152":{"start":{"line":320,"column":10},"end":{"line":320,"column":80}},"153":{"start":{"line":323,"column":8},"end":{"line":323,"column":38}},"154":{"start":{"line":326,"column":4},"end":{"line":326,"column":18}},"155":{"start":{"line":336,"column":2},"end":{"line":338,"column":8}},"156":{"start":{"line":341,"column":2},"end":{"line":341,"column":32}},"157":{"start":{"line":342,"column":2},"end":{"line":342,"column":27}},"158":{"start":{"line":343,"column":2},"end":{"line":353,"column":3}},"159":{"start":{"line":344,"column":4},"end":{"line":346,"column":36}},"160":{"start":{"line":348,"column":4},"end":{"line":350,"column":5}},"161":{"start":{"line":349,"column":6},"end":{"line":349,"column":30}},"162":{"start":{"line":352,"column":4},"end":{"line":352,"column":20}},"163":{"start":{"line":354,"column":2},"end":{"line":354,"column":17}},"164":{"start":{"line":357,"column":2},"end":{"line":357,"column":34}},"165":{"start":{"line":358,"column":2},"end":{"line":358,"column":31}},"166":{"start":{"line":359,"column":2},"end":{"line":365,"column":3}},"167":{"start":{"line":360,"column":4},"end":{"line":362,"column":40}},"168":{"start":{"line":364,"column":4},"end":{"line":364,"column":20}},"169":{"start":{"line":366,"column":2},"end":{"line":366,"column":17}},"170":{"start":{"line":369,"column":2},"end":{"line":369,"column":33}},"171":{"start":{"line":370,"column":2},"end":{"line":370,"column":67}},"172":{"start":{"line":373,"column":2},"end":{"line":373,"column":36}},"173":{"start":{"line":374,"column":2},"end":{"line":379,"column":3}},"174":{"start":{"line":376,"column":4},"end":{"line":376,"column":26}},"175":{"start":{"line":378,"column":4},"end":{"line":378,"column":20}},"176":{"start":{"line":380,"column":2},"end":{"line":380,"column":16}},"177":{"start":{"line":383,"column":2},"end":{"line":383,"column":17}},"178":{"start":{"line":386,"column":2},"end":{"line":405,"column":3}},"179":{"start":{"line":388,"column":4},"end":{"line":388,"column":77}},"180":{"start":{"line":390,"column":4},"end":{"line":395,"column":11}},"181":{"start":{"line":397,"column":4},"end":{"line":404,"column":5}},"182":{"start":{"line":398,"column":6},"end":{"line":403,"column":15}},"183":{"start":{"line":408,"column":2},"end":{"line":433,"column":3}},"184":{"start":{"line":409,"column":4},"end":{"line":409,"column":27}},"185":{"start":{"line":411,"column":4},"end":{"line":430,"column":6}},"186":{"start":{"line":412,"column":6},"end":{"line":429,"column":7}},"187":{"start":{"line":414,"column":8},"end":{"line":414,"column":47}},"188":{"start":{"line":415,"column":8},"end":{"line":417,"column":56}},"189":{"start":{"line":419,"column":8},"end":{"line":422,"column":9}},"190":{"start":{"line":420,"column":10},"end":{"line":420,"column":44}},"191":{"start":{"line":421,"column":10},"end":{"line":421,"column":28}},"192":{"start":{"line":424,"column":8},"end":{"line":428,"column":15}},"193":{"start":{"line":432,"column":4},"end":{"line":432,"column":18}},"194":{"start":{"line":435,"column":2},"end":{"line":484,"column":3}},"195":{"start":{"line":437,"column":4},"end":{"line":471,"column":5}},"196":{"start":{"line":442,"column":6},"end":{"line":452,"column":22}},"197":{"start":{"line":454,"column":6},"end":{"line":459,"column":7}},"198":{"start":{"line":455,"column":8},"end":{"line":458,"column":17}},"199":{"start":{"line":460,"column":6},"end":{"line":462,"column":15}},"200":{"start":{"line":463,"column":6},"end":{"line":469,"column":7}},"201":{"start":{"line":465,"column":8},"end":{"line":468,"column":16}},"202":{"start":{"line":470,"column":6},"end":{"line":470,"column":25}},"203":{"start":{"line":473,"column":4},"end":{"line":477,"column":5}},"204":{"start":{"line":474,"column":6},"end":{"line":474,"column":88}},"205":{"start":{"line":476,"column":6},"end":{"line":476,"column":56}},"206":{"start":{"line":480,"column":4},"end":{"line":483,"column":37}},"207":{"start":{"line":487,"column":2},"end":{"line":487,"column":15}}},"branchMap":{"1":{"line":41,"type":"binary-expr","locations":[{"start":{"line":41,"column":23},"end":{"line":41,"column":41}},{"start":{"line":41,"column":45},"end":{"line":41,"column":60}}]},"2":{"line":52,"type":"binary-expr","locations":[{"start":{"line":52,"column":21},"end":{"line":52,"column":34}},{"start":{"line":52,"column":38},"end":{"line":52,"column":75}}]},"3":{"line":55,"type":"binary-expr","locations":[{"start":{"line":55,"column":14},"end":{"line":55,"column":42}},{"start":{"line":55,"column":46},"end":{"line":55,"column":48}}]},"4":{"line":62,"type":"binary-expr","locations":[{"start":{"line":62,"column":17},"end":{"line":62,"column":31}},{"start":{"line":62,"column":35},"end":{"line":62,"column":57}},{"start":{"line":62,"column":62},"end":{"line":62,"column":82}},{"start":{"line":62,"column":86},"end":{"line":62,"column":99}}]},"5":{"line":66,"type":"if","locations":[{"start":{"line":66,"column":2},"end":{"line":66,"column":2}},{"start":{"line":66,"column":2},"end":{"line":66,"column":2}}]},"6":{"line":66,"type":"binary-expr","locations":[{"start":{"line":66,"column":6},"end":{"line":66,"column":19}},{"start":{"line":66,"column":23},"end":{"line":66,"column":37}},{"start":{"line":66,"column":41},"end":{"line":66,"column":71}}]},"7":{"line":69,"type":"if","locations":[{"start":{"line":69,"column":2},"end":{"line":69,"column":2}},{"start":{"line":69,"column":2},"end":{"line":69,"column":2}}]},"8":{"line":70,"type":"cond-expr","locations":[{"start":{"line":70,"column":44},"end":{"line":70,"column":47}},{"start":{"line":70,"column":50},"end":{"line":70,"column":53}}]},"9":{"line":73,"type":"cond-expr","locations":[{"start":{"line":74,"column":6},"end":{"line":74,"column":41}},{"start":{"line":75,"column":6},"end":{"line":75,"column":8}}]},"10":{"line":73,"type":"binary-expr","locations":[{"start":{"line":73,"column":21},"end":{"line":73,"column":29}},{"start":{"line":73,"column":33},"end":{"line":73,"column":46}}]},"11":{"line":83,"type":"cond-expr","locations":[{"start":{"line":84,"column":8},"end":{"line":84,"column":31}},{"start":{"line":85,"column":8},"end":{"line":85,"column":17}}]},"12":{"line":91,"type":"cond-expr","locations":[{"start":{"line":91,"column":20},"end":{"line":91,"column":49}},{"start":{"line":91,"column":53},"end":{"line":91,"column":83}}]},"13":{"line":91,"type":"cond-expr","locations":[{"start":{"line":91,"column":64},"end":{"line":91,"column":78}},{"start":{"line":91,"column":81},"end":{"line":91,"column":83}}]},"14":{"line":97,"type":"binary-expr","locations":[{"start":{"line":97,"column":19},"end":{"line":97,"column":37}},{"start":{"line":97,"column":41},"end":{"line":97,"column":43}}]},"15":{"line":98,"type":"binary-expr","locations":[{"start":{"line":98,"column":20},"end":{"line":98,"column":39}},{"start":{"line":98,"column":43},"end":{"line":98,"column":45}}]},"16":{"line":113,"type":"binary-expr","locations":[{"start":{"line":113,"column":30},"end":{"line":113,"column":35}},{"start":{"line":113,"column":39},"end":{"line":113,"column":40}}]},"17":{"line":134,"type":"if","locations":[{"start":{"line":134,"column":4},"end":{"line":134,"column":4}},{"start":{"line":134,"column":4},"end":{"line":134,"column":4}}]},"18":{"line":135,"type":"binary-expr","locations":[{"start":{"line":135,"column":17},"end":{"line":135,"column":35}},{"start":{"line":135,"column":39},"end":{"line":135,"column":41}}]},"19":{"line":146,"type":"binary-expr","locations":[{"start":{"line":146,"column":41},"end":{"line":146,"column":43}},{"start":{"line":146,"column":47},"end":{"line":146,"column":50}}]},"20":{"line":148,"type":"if","locations":[{"start":{"line":148,"column":6},"end":{"line":148,"column":6}},{"start":{"line":148,"column":6},"end":{"line":148,"column":6}}]},"21":{"line":163,"type":"cond-expr","locations":[{"start":{"line":163,"column":16},"end":{"line":163,"column":24}},{"start":{"line":163,"column":27},"end":{"line":163,"column":29}}]},"22":{"line":169,"type":"cond-expr","locations":[{"start":{"line":170,"column":10},"end":{"line":170,"column":77}},{"start":{"line":171,"column":10},"end":{"line":171,"column":13}}]},"23":{"line":169,"type":"binary-expr","locations":[{"start":{"line":169,"column":13},"end":{"line":169,"column":16}},{"start":{"line":169,"column":20},"end":{"line":169,"column":43}},{"start":{"line":169,"column":47},"end":{"line":169,"column":77}}]},"24":{"line":170,"type":"cond-expr","locations":[{"start":{"line":170,"column":38},"end":{"line":170,"column":71}},{"start":{"line":170,"column":74},"end":{"line":170,"column":76}}]},"25":{"line":178,"type":"if","locations":[{"start":{"line":178,"column":4},"end":{"line":178,"column":4}},{"start":{"line":178,"column":4},"end":{"line":178,"column":4}}]},"26":{"line":181,"type":"if","locations":[{"start":{"line":181,"column":4},"end":{"line":181,"column":4}},{"start":{"line":181,"column":4},"end":{"line":181,"column":4}}]},"27":{"line":188,"type":"if","locations":[{"start":{"line":188,"column":4},"end":{"line":188,"column":4}},{"start":{"line":188,"column":4},"end":{"line":188,"column":4}}]},"28":{"line":188,"type":"binary-expr","locations":[{"start":{"line":188,"column":8},"end":{"line":188,"column":25}},{"start":{"line":188,"column":29},"end":{"line":188,"column":48}},{"start":{"line":188,"column":52},"end":{"line":188,"column":69}}]},"29":{"line":189,"type":"binary-expr","locations":[{"start":{"line":189,"column":13},"end":{"line":189,"column":22}},{"start":{"line":189,"column":26},"end":{"line":189,"column":43}}]},"30":{"line":196,"type":"binary-expr","locations":[{"start":{"line":196,"column":15},"end":{"line":196,"column":24}},{"start":{"line":196,"column":28},"end":{"line":196,"column":45}}]},"31":{"line":200,"type":"if","locations":[{"start":{"line":200,"column":4},"end":{"line":200,"column":4}},{"start":{"line":200,"column":4},"end":{"line":200,"column":4}}]},"32":{"line":208,"type":"cond-expr","locations":[{"start":{"line":209,"column":8},"end":{"line":209,"column":24}},{"start":{"line":210,"column":8},"end":{"line":210,"column":10}}]},"33":{"line":208,"type":"binary-expr","locations":[{"start":{"line":208,"column":24},"end":{"line":208,"column":41}},{"start":{"line":208,"column":45},"end":{"line":208,"column":57}}]},"34":{"line":212,"type":"if","locations":[{"start":{"line":212,"column":4},"end":{"line":212,"column":4}},{"start":{"line":212,"column":4},"end":{"line":212,"column":4}}]},"35":{"line":213,"type":"if","locations":[{"start":{"line":213,"column":6},"end":{"line":213,"column":6}},{"start":{"line":213,"column":6},"end":{"line":213,"column":6}}]},"36":{"line":215,"type":"if","locations":[{"start":{"line":215,"column":13},"end":{"line":215,"column":13}},{"start":{"line":215,"column":13},"end":{"line":215,"column":13}}]},"37":{"line":218,"type":"if","locations":[{"start":{"line":218,"column":6},"end":{"line":218,"column":6}},{"start":{"line":218,"column":6},"end":{"line":218,"column":6}}]},"38":{"line":222,"type":"if","locations":[{"start":{"line":222,"column":8},"end":{"line":222,"column":8}},{"start":{"line":222,"column":8},"end":{"line":222,"column":8}}]},"39":{"line":231,"type":"if","locations":[{"start":{"line":231,"column":6},"end":{"line":231,"column":6}},{"start":{"line":231,"column":6},"end":{"line":231,"column":6}}]},"40":{"line":231,"type":"binary-expr","locations":[{"start":{"line":231,"column":10},"end":{"line":231,"column":29}},{"start":{"line":231,"column":33},"end":{"line":231,"column":72}}]},"41":{"line":237,"type":"switch","locations":[{"start":{"line":238,"column":8},"end":{"line":239,"column":99}},{"start":{"line":240,"column":8},"end":{"line":242,"column":78}},{"start":{"line":243,"column":8},"end":{"line":244,"column":62}},{"start":{"line":245,"column":8},"end":{"line":250,"column":78}}]},"42":{"line":247,"type":"if","locations":[{"start":{"line":247,"column":10},"end":{"line":247,"column":10}},{"start":{"line":247,"column":10},"end":{"line":247,"column":10}}]},"43":{"line":261,"type":"cond-expr","locations":[{"start":{"line":261,"column":40},"end":{"line":261,"column":44}},{"start":{"line":261,"column":48},"end":{"line":261,"column":64}}]},"44":{"line":261,"type":"binary-expr","locations":[{"start":{"line":261,"column":70},"end":{"line":261,"column":75}},{"start":{"line":261,"column":79},"end":{"line":261,"column":81}}]},"45":{"line":268,"type":"cond-expr","locations":[{"start":{"line":268,"column":84},"end":{"line":268,"column":88}},{"start":{"line":268,"column":91},"end":{"line":268,"column":105}}]},"46":{"line":268,"type":"binary-expr","locations":[{"start":{"line":268,"column":19},"end":{"line":268,"column":36}},{"start":{"line":268,"column":40},"end":{"line":268,"column":59}},{"start":{"line":268,"column":63},"end":{"line":268,"column":80}}]},"47":{"line":273,"type":"if","locations":[{"start":{"line":273,"column":4},"end":{"line":273,"column":4}},{"start":{"line":273,"column":4},"end":{"line":273,"column":4}}]},"48":{"line":288,"type":"if","locations":[{"start":{"line":288,"column":2},"end":{"line":288,"column":2}},{"start":{"line":288,"column":2},"end":{"line":288,"column":2}}]},"49":{"line":293,"type":"cond-expr","locations":[{"start":{"line":294,"column":10},"end":{"line":294,"column":60}},{"start":{"line":295,"column":10},"end":{"line":295,"column":54}}]},"50":{"line":297,"type":"cond-expr","locations":[{"start":{"line":297,"column":49},"end":{"line":297,"column":57}},{"start":{"line":297,"column":60},"end":{"line":297,"column":72}}]},"51":{"line":299,"type":"if","locations":[{"start":{"line":299,"column":6},"end":{"line":299,"column":6}},{"start":{"line":299,"column":6},"end":{"line":299,"column":6}}]},"52":{"line":300,"type":"if","locations":[{"start":{"line":300,"column":8},"end":{"line":300,"
[...]
:{"start":{"line":6,"column":2},"end":{"line":6,"column":45}},"6":{"start":{"line":9,"column":0},"end":{"line":19,"column":1}},"7":{"start":{"line":10,"column":2},"end":{"line":18,"column":3}},"8":{"start":{"line":11,"column":4},"end":{"line":11,"column":14}},"9":{"start":{"line":12,"column":9},"end":{"line":18,"column":3}},"10":{"start":{"line":14,"column":4},"end":{"line":14,"column":43}},"11":{"start":{"line":17,"column":4},"end":{"line":17,"column":14}}},"branchMap":{"1":{"line":10,"type":"if","locations":[{"start":{"line":10,"column":2},"end":{"line":10,"column":2}},{"start":{"line":10,"column":2},"end":{"line":10,"column":2}}]},"2":{"line":12,"type":"if","locations":[{"start":{"line":12,"column":9},"end":{"line":12,"column":9}},{"start":{"line":12,"column":9},"end":{"line":12,"column":9}}]}},"code":["var IS_TEST = !!process.env.VUE_LOADER_TEST","var fs = require('fs')","var path = require('path')","","exports.lib = function (file) {","  return path.resolve(__dirname, '../', file)","}","","exports.dep = function (dep) {","  if (IS_TEST) {","    return dep","  } else if (fs.existsSync(path.resolve(__dirname, '../../node_modules', dep))) {","    // npm 2 or npm linked","    return 'vue-loader/node_modules/' + dep","  } else {","    // npm 3","    return dep","  }","}",""],"l":{"1":1,"2":1,"3":1,"5":1,"6":5,"9":1,"10":2,"11":0,"12":2,"14":0,"17":2}},"/home/travis/build/npmtest/node-npmtest-vue-loader/node_modules/vue-loader/lib/component-normalizer.js":{"path":"/home/travis/build/npmtest/node-npmtest-vue-loader/node_modules/vue-loader/lib/component-normalizer.js","s":{"1":1,"2":0,"3":0,"4":0,"5":0,"6":0,"7":0,"8":0,"9":0,"10":0,"11":0,"12":0,"13":0,"14":0,"15":0,"16":0,"17":0,"18":0,"19":0,"20":0,"21":0},"b":{"1":[0,0],"2":[0,0],"3":[0,0],"4":[0,0],"5":[0,0],"6":[0,0],"7":[0,0],"8":[0,0]},"f":{"1":0,"2":0,"3":0},"fnMap":{"1":{"name":"normalizeComponent","line":4,"loc":{"start":{"line":4,"column":17},"end":{"line":9,"column":2}}},"2":{"name":"(anonymous_2)","line":39,"loc":{"start":{"line":39,"column":36},"end":{"line":39,"column":51}}},"3":{"name":"(anonymous_3)","line":41,"loc":{"start":{"line":41,"column":22},"end":{"line":41,"column":34}}}},"statementMap":{"1":{"start":{"line":4,"column":0},"end":{"line":51,"column":1}},"2":{"start":{"line":10,"column":2},"end":{"line":10,"column":14}},"3":{"start":{"line":11,"column":2},"end":{"line":11,"column":63}},"4":{"start":{"line":14,"column":2},"end":{"line":14,"column":44}},"5":{"start":{"line":15,"column":2},"end":{"line":18,"column":3}},"6":{"start":{"line":16,"column":4},"end":{"line":16,"column":31}},"7":{"start":{"line":17,"column":4},"end":{"line":17,"column":44}},"8":{"start":{"line":21,"column":2},"end":{"line":23,"column":19}},"9":{"start":{"line":26,"column":2},"end":{"line":29,"column":3}},"10":{"start":{"line":27,"column":4},"end":{"line":27,"column":44}},"11":{"start":{"line":28,"column":4},"end":{"line":28,"column":62}},"12":{"start":{"line":32,"column":2},"end":{"line":34,"column":3}},"13":{"start":{"line":33,"column":4},"end":{"line":33,"column":30}},"14":{"start":{"line":37,"column":2},"end":{"line":44,"column":3}},"15":{"start":{"line":38,"column":4},"end":{"line":38,"column":58}},"16":{"start":{"line":39,"column":4},"end":{"line":42,"column":6}},"17":{"start":{"line":40,"column":6},"end":{"line":40,"column":34}},"18":{"start":{"line":41,"column":6},"end":{"line":41,"column":51}},"19":{"start":{"line":41,"column":36},"end":{"line":41,"column":50}},"20":{"start":{"line":43,"column":4},"end":{"line":43,"column":31}},"21":{"start":{"line":46,"column":2},"end":{"line":50,"column":3}}},"branchMap":{"1":{"line":11,"type":"binary-expr","locations":[{"start":{"line":11,"column":41},"end":{"line":11,"column":57}},{"start":{"line":11,"column":61},"end":{"line":11,"column":63}}]},"2":{"line":15,"type":"if","locations":[{"start":{"line":15,"column":2},"end":{"line":15,"column":2}},{"start":{"line":15,"column":2},"end":{"line":15,"column":2}}]},"3":{"line":15,"type":"binary-expr","locations":[{"start":{"line":15,"column":6},"end":{"line":15,"column":23}},{"start":{"line":15,"column":27},"end":{"line":15,"column":46}}]},"4":{"line":21,"type":"cond-expr","locations":[{"start":{"line":22,"column":6},"end":{"line":22,"column":27}},{"start":{"line":23,"column":6},"end":{"line":23,"column":19}}]},"5":{"line":26,"type":"if","locations":[{"start":{"line":26,"column":2},"end":{"line":26,"column":2}},{"start":{"line":26,"column":2},"end":{"line":26,"column":2}}]},"6":{"line":32,"type":"if","locations":[{"start":{"line":32,"column":2},"end":{"line":32,"column":2}},{"start":{"line":32,"column":2},"end":{"line":32,"column":2}}]},"7":{"line":37,"type":"if","locations":[{"start":{"line":37,"column":2},"end":{"line":37,"column":2}},{"start":{"line":37,"column":2},"end":{"line":37,"column":2}}]},"8":{"line":38,"type":"binary-expr","locations":[{"start":{"line":38,"column":33},"end":{"line":38,"column":49}},{"start":{"line":38,"column":53},"end":{"line":38,"column":57}}]}},"code":["// this module is a runtime utility for cleaner component module output and will","// be included in the final webpack user bundle","","module.exports = function normalizeComponent (","  rawScriptExports,","  compiledTemplate,","  scopeId,","  cssModules",") {","  var esModule","  var scriptExports = rawScriptExports = rawScriptExports || {}","","  // ES6 modules interop","  var type = typeof rawScriptExports.default","  if (type === 'object' || type === 'function') {","    esModule = rawScriptExports","    scriptExports = rawScriptExports.default","  }","","  // Vue.extend constructor export interop","  var options = typeof scriptExports === 'function'","    ? scriptExports.options","    : scriptExports","","  // render functions","  if (compiledTemplate) {","    options.render = compiledTemplate.render","    options.staticRenderFns = compiledTemplate.staticRenderFns","  }","","  // scopedId","  if (scopeId) {","    options._scopeId = scopeId","  }","","  // inject cssModules","  if (cssModules) {","    var computed = Object.create(options.computed || null)","    Object.keys(cssModules).forEach(function (key) {","      var module = cssModules[key]","      computed[key] = function () { return module }","    })","    options.computed = computed","  }","","  return {","    esModule: esModule,","    exports: scriptExports,","    options: options","  }","}",""],"l":{"4":1,"10":0,"11":0,"14":0,"15":0,"16":0,"17":0,"21":0,"26":0,"27":0,"28":0,"32":0,"33":0,"37":0,"38":0,"39":0,"40":0,"41":0,"43":0,"46":0}},"/home/travis/build/npmtest/node-npmtest-vue-loader/node_modules/vue-loader/lib/selector.js":{"path":"/home/travis/build/npmtest/node-npmtest-vue-loader/node_modules/vue-loader/lib/selector.js","s":{"1":1,"2":1,"3":1,"4":1,"5":0,"6":0,"7":0,"8":0,"9":0,"10":0,"11":0,"12":0},"b":{"1":[0,0],"2":[0,0]},"f":{"1":0},"fnMap":{"1":{"name":"(anonymous_1)","line":9,"loc":{"start":{"line":9,"column":17},"end":{"line":9,"column":36}}}},"statementMap":{"1":{"start":{"line":5,"column":0},"end":{"line":5,"column":26}},"2":{"start":{"line":6,"column":0},"end":{"line":6,"column":31}},"3":{"start":{"line":7,"column":0},"end":{"line":7,"column":41}},"4":{"start":{"line":9,"column":0},"end":{"line":19,"column":1}},"5":{"start":{"line":10,"column":2},"end":{"line":10,"column":18}},"6":{"start":{"line":11,"column":2},"end":{"line":11,"column":48}},"7":{"start":{"line":12,"column":2},"end":{"line":12,"column":49}},"8":{"start":{"line":13,"column":2},"end":{"line":13,"column":54}},"9":{"start":{"line":14,"column":2},"end":{"line":14,"column":30}},"10":{"start":{"line":15,"column":2},"end":{"line":17,"column":3}},"11":{"start":{"line":16,"column":4},"end":{"line":16,"column":28}},"12":{"start":{"line":18,"column":2},"end":{"line":18,"column":45}}},"branchMap":{"1":{"line":11,"type":"binary-expr","locations":[{"start":{"line":11,"column":14},"end":{"line":11,"column":42}},{"start":{"line":11,"column":46},"end":{"line":11,"column":48}}]},"2":{"line":15,"type":"if","locations":[{"start":{"line":15,"column":2},"end":{"line":15,"column":2}},{"start":{"line":15,"column":2},"end":{"line":15,"column":2}}]}},"code":["// this is a utility loader that takes a *.vue file, parses it and returns","// the requested language block, e.g. the content inside <template>, for","// further processing.","","var path = require('path')","var parse = require('./parser')","var loaderUtils = require('loader-utils')","","module.exports = function (content) {","  this.cacheable()","  var query = loaderUtils.getOptions(this) || {}","  var filename = path.basename(this.resourcePath)","  var parts = parse(content, filename, this.sourceMap)","  var part = parts[query.type]","  if (Array.isArray(part)) {","    part = part[query.index]","  }","  this.callback(null, part.content, part.map)","}",""],"l":{"5":1,"6":1,"7":1,"9":1,"10":0,"11":0,"12":0,"13":0,"14":0,"15":0,"16":0,"18":0}},"/home/travis/build/npmtest/node-npmtest-vue-loader/node_modules/vue-loader/lib/style-compiler/load-postcss-config.js":{"path":"/home/travis/build/npmtest/node-npmtest-vue-loader/node_modules/vue-loader/lib/style-compiler/load-postcss-config.js","s":{"1":1,"2":1,"3":1,"4":0,"5":1,"6":0,"7":0,"8":0,"9":0,"10":0,"11":0,"12":0,"13":0,"14":0,"15":0,"16":0,"17":0,"18":0,"19":0,"20":0,"21":0,"22":0},"b":{"1":[0,0],"2":[0,0],"3":[0,0],"4":[0,0],"5":[0,0],"6":[0,0],"7":[0,0],"8":[0,0],"9":[0,0],"10":[0,0],"11":[0,0],"12":[0,0]},"f":{"1":0,"2":0},"fnMap":{"1":{"name":"isObject","line":5,"loc":{"start":{"line":5,"column":0},"end":{"line":5,"column":24}}},"2":{"name":"loadPostcssConfig","line":9,"loc":{"start":{"line":9,"column":17},"end":{"line":9,"column":59}}}},"statementMap":{"1":{"start":{"line":1,"column":0},"end":{"line":1,"column":41}},"2":{"start":{"line":3,"column":0},"end":{"line":3,"column":10}},"3":{"start":{"line":5,"column":0},"end":{"line":7,"column":1}},"4":{"start":{"line":6,"column":2},"end":{"line":6,"column":39}},"5":{"start":{"line":9,"column":0},"end":{"line":45,"column":1}},"6":{"start":{"line":10,"column":2},"end":{"line":15,"column":3}},"7":{"start":{"line":11,"column":4},"end":{"line":14,"column":6}},"8":{"start":{"line":17,"column":2},"end":{"line":44,"column":4}},"9":{"start":{"line":18,"column":4},"end":{"line":18,"column":20}},"10":{"start":{"line":19,"column":4},"end":{"line":19,"column":20}},"11":{"start":{"line":22,"column":4},"end":{"line":24,"column":5}},"12":{"start":{"line":23,"column":6},"end":{"line":23,"column":50}},"13":{"start":{"line":25,"column":4},"end":{"line":30,"column":5}},"14":{"start":{"line":26,"column":6},"end":{"line":26,"column":28}},"15":{"start":{"line":27,"column":11},"end":{"line":30,"column":5}},"16":{"start":{"line":28,"column":6},"end":{"line":28,"column":42}},"17":{"start":{"line":29,"column":6},"end":{"line":29,"column":42}},"18":{"start":{"line":33,"column":4},"end":{"line":35,"column":5}},"19":{"start":{"line":34,"column":6},"end":{"line":34,"column":46}},"20":{"start":{"line":36,"column":4},"end":{"line":38,"column":5}},"21":{"start":{"line":37,"column":6},"end":{"line":37,"column":58}},"22":{"start":{"line":40,"column":4},"end":{"line":43,"column":5}}},"branchMap":{"1":{"line":6,"type":"binary-expr","locations":[{"start":{"line":6,"column":9},"end":{"line":6,"column":12}},{"start":{"line":6,"column":16},"end":{"line":6,"column":39}}]},"2":{"line":10,"type":"if","locations":[{"start":{"line":10,"column":2},"end":{"line":10,"column":2}},{"start":{"line":10,"column":2},"end":{"line":10,"column":2}}]},"3":{"line":10,"type":"binary-expr","locations":[{"start":{"line":10,"column":6},"end":{"line":10,"column":33}},{"start":{"line":10,"column":37},"end":{"line":10,"column":44}}]},"4":{"line":22,"type":"if","locations":[{"start":{"line":22,"column":4},"end":{"line":22,"column":4}},{"start":{"line":22,"column":4},"end":{"line":22,"column":4}}]},"5":{"line":25,"type":"if","locations":[{"start":{"line":25,"column":4},"end":{"line":25,"column":4}},{"start":{"line":25,"column":4},"end":{"line":25,"column":4}}]},"6":{"line":27,"type":"if","locations":[{"start":{"line":27,"column":11},"end":{"line":27,"column":11}},{"start":{"line":27,"column":11},"end":{"line":27,"column":11}}]},"7":{"line":28,"type":"binary-expr","locations":[{"start":{"line":28,"column":16},"end":{"line":28,"column":36}},{"start":{"line":28,"column":40},"end":{"line":28,"column":42}}]},"8":{"line":29,"type":"binary-expr","locations":[{"start":{"line":29,"column":16},"end":{"line":29,"column":36}},{"start":{"line":29,"column":40},"end":{"line":29,"column":42}}]},"9":{"line":33,"type":"if","locations":[{"start":{"line":33,"column":4},"end":{"line":33,"column":4}},{"start":{"line":33,"column":4},"end":{"line":33,"column":4}}]},"10":{"line":33,"type":"binary-expr","locations":[{"start":{"line":33,"column":8},"end":{"line":33,"column":14}},{"start":{"line":33,"column":18},"end":{"line":33,"column":32}}]},"11":{"line":36,"type":"if","locations":[{"start":{"line":36,"column":4},"end":{"line":36,"column":4}},{"start":{"line":36,"column":4},"end":{"line":36,"column":4}}]},"12":{"line":36,"type":"binary-expr","locations":[{"start":{"line":36,"column":8},"end":{"line":36,"column":14}},{"start":{"line":36,"column":18},"end":{"line":36,"column":32}}]}},"code":["var load = require('postcss-load-config')","","var loaded","","function isObject (val) {","  return val && typeof val === 'object'","}","","module.exports = function loadPostcssConfig (inlineConfig) {","  if (process.env.VUE_LOADER_TEST || !loaded) {","    loaded = load({}, null, { argv: false }).catch(() => {","      // postcss-load-config throws error when no config file is found,","      // but for us it's optional.","    })","  }","","  return loaded.then(config => {","    var plugins = []","    var options = {}","","    // inline postcss options for vue-loader","    if (typeof inlineConfig === 'function') {","      inlineConfig = inlineConfig.call(this, this)","    }","    if (Array.isArray(inlineConfig)) {","      plugins = inlineConfig","    } else if (isObject(inlineConfig)) {","      plugins = inlineConfig.plugins || []","      options = inlineConfig.options || {}","    }","","    // merge postcss config file","    if (config && config.plugins) {","      plugins = plugins.concat(config.plugins)","    }","    if (config && config.options) {","      options = Object.assign({}, config.options, options)","    }","","    return {","      plugins,","      options","    }","  })","}",""],"l":{"1":1,"3":1,"5":1,"6":0,"9":1,"10":0,"11":0,"17":0,"18":0,"19":0,"22":0,"23":0,"25":0,"26":0,"27":0,"28":0,"29":0,"33":0,"34":0,"36":0,"37":0,"40":0}},"/home/travis/build/npmtest/node-npmtest-vue-loader/node_modules/vue-loader/lib/template-compiler/preprocessor.js":{"path":"/home/travis/build/npmtest/node-npmtest-vue-loader/node_modules/vue-loader/lib/template-compiler/preprocessor.js","s":{"1":1,"2":1,"3":1,"4":1,"5":0,"6":0,"7":0,"8":0,"9":0,"10":0,"11":0,"12":1,"13":0,"14":0,"15":0,"16":0,"17":0,"18":0,"19":0,"20":0,"21":0,"22":0,"23":0,"24":0},"b":{"1":[0,0],"2":[0,0],"3":[0,0],"4":[0,0],"5":[0,0],"6":[0,0],"7":[0,0],"8":[0,0]},"f":{"1":0,"2":0,"3":0},"fnMap":{"1":{"name":"(anonymous_1)","line":7,"loc":{"start":{"line":7,"column":17},"end":{"line":7,"column":36}}},"2":{"name":"exportContent","line":21,"loc":{"start":{"line":21,"column":2},"end":{"line":21,"column":35}}},"3":{"name":"(anonymous_3)","line":44,"loc":{"start":{"line":44,"column":40},"end":{"line":44,"column":61}}}},"statementMap":{"1":{"start":{"line":3,"column":0},"end":{"line":3,"column":33}},"2":{"start":{"line":4,"column":0},"end":{"line":4,"column":41}},"3":{"start":{"line":5,"column":0},"end":{"line":5,"column":37}},"4":{"start":{"line":7,"column":0},"end":{"line":50,"column":1}},"5":{"start":{"line":8,"column":2},"end":{"line":8,"column":36}},"6":{"start":{"line":9,"column":2},"end":{"line":9,"column":29}},"7":{"start":{"line":10,"column":2},"end":{"line":10,"column":46}},"8":{"start":{"line":14,"column":2},"end":{"line":14,"column":39}},"9":{"start":{"line":15,"column":2},"end":{"line":19,"column":3}},"10":{"start":{"line":16,"column":4},"end":{"line":18,"column":5}},"11":{"start":{"line":17,"column":6},"end":{"line":17,"column":34}},"12":{"start":{"line":21,"column":2},"end":{"line":27,"column":3}},"13":{"start":{"line":22,"column":4},"end":{"line":26,"column":5}},"14":{"start":{"line":23,"column":6},"end":{"line":23,"column":29}},"15":{"start":{"line":25,"column":6},"end":{"line":25,"column":67}},"16":{"start":{"line":30,"column":2},"end":{"line":32,"column":3}},"17":{"start":{"line":31,"column":4},"end":{"line":31,"column":62}},"18":{"start":{"line":34,"column":2},"end":{"line":39,"column":3}},"19":{"start":{"line":35,"column":4},"end":{"line":38,"column":6}},"20":{"start":{"line":42,"column":2},"end":{"line":42,"column":34}},"21":{"start":{"line":44,"column":2},"end":{"line":49,"column":4}},"22":{"start":{"line":45,"column":4},"end":{"line":47,"column":5}},"23":{"start":{"line":46,"column":6},"end":{"line":46,"column":26}},"24":{"start":{"line":48,"column":4},"end":{"line":48,"column":23}}},"branchMap":{"1":{"line":8,"type":"binary-expr","locations":[{"start":{"line":8,"column":2},"end":{"line":8,"column":16}},{"start":{"line":8,"column":20},"end":{"line":8,"column":36}}]},"2":{"line":10,"type":"binary-expr","locations":[{"start":{"line":10,"column":12},"end":{"line":10,"column":40}},{"start":{"line":10,"column":44},"end":{"line":10,"column":46}}]},"3":{"line":15,"type":"if","locations":[{"start":{"line":15,"column":2},"end":{"line":15,"column":2}},{"start":{"line":15,"column":2},"end":{"line":15,"column":2}}]},"4":{"line":15,"type":"binary-expr","locations":[{"start":{"line":15,"column":6},"end":{"line":15,"column":9}},{"start":{"line":15,"column":13},"end":{"line":15,"column":25}}]},"5":{"line":22,"type":"if","locations":[{"start":{"line":22,"column":4},"end":{"line":22,"column":4}},{"start":{"line":22,"column":4},"end":{"line":22,"column":4}}]},"6":{"line":30,"type":"if","locations":[{"start":{"line":30,"column":2},"end":{"line":30,"column":2}},{"start":{"line":30,"column":2},"end":{"line":30,"column":2}}]},"7":{"line":34,"type":"if","locations":[{"start":{"line":34,"column":2},"end":{"line":34,"column":2}},{"start":{"line":34,"column":2},"end":{"line":34,"column":2}}]},"8":{"line":45,"type":"if","locations":[{"start":{"line":45,"column":4},"end":{"line":45,"column":4}},{"start":{"line":45,"column":4},"end":{"line":45,"column":4}}]}},"code":["// loader for pre-processing templates with e.g. pug","","var cons = require('consolidate')","var loaderUtils = require('loader-utils')","var extname = require('path').extname","","module.exports = function (content) {","  this.cacheable && this.cacheable()","  var callback = this.async()","  var opt = loaderUtils.getOptions(this) || {}","","  // this is never documented and should be deprecated","  // but we'll keep it so we don't break stuff","  var vue = this.options.__vueOptions__","  if (vue && vue.template) {","    for (var key in vue.template) {","      opt[key] = vue.template[key]","    }","  }","","  function exportContent (content) {","    if (opt.raw) {","      callback(null, content)","    } else {","      callback(null, 'module.exports = ' + JSON.stringify(content))","    }","  }","","  // with no engine given, use the file extension as engine","  if (!opt.engine) {","    opt.engine = extname(this.request).substr(1).toLowerCase()","  }","","  if (!cons[opt.engine]) {","    return callback(new Error(","      'Template engine \\'' + opt.engine + '\\' ' +","      'isn\\'t available in Consolidate.js'","    ))","  }","","  // for relative includes","  opt.filename = this.resourcePath","","  cons[opt.engine].render(content, opt, function (err, html) {","    if (err) {","      return callback(err)","    }","    exportContent(html)","  })","}",""],"l":{"3":1,"4":1,"5":1,"7":1,"8":0,"9":0,"10":0,"14":0,"15":0,"16":0,"17":0,"21":1,"22":0,"23":0,"25":0,"30":0,"31":0,"34":0,"35":0,"42":0,"44":0,"45":0,"46":0,"48":0}}}